------------------------------------------------------------------------------------------------------------------------

[2021-10-03 16:01:48 #1 store] 
Database 'C:\Users\Usuario\git\SI2\Bets21\src\main\resources\bets.temp' is opened by 8712@DESKTOP-NGL0TFB

[2021-10-03 16:01:48 #2 type.registry] 
New type domain.Event

[2021-10-03 16:01:48 #3 type] 
Type domain.Event is not enhanced.

[2021-10-03 16:01:48 #4 type.registry] 
New type domain.Question

[2021-10-03 16:01:48 #5 type.registry] 
New type java.util.Vector<domain.Question>

[2021-10-03 16:01:48 #6 type] 
Type domain.Question is not enhanced.

[2021-10-03 16:01:48 #7 type.registry] 
New type domain.Pronostikoa

[2021-10-03 16:01:48 #8 type.registry] 
New type java.util.Vector<domain.Pronostikoa>

[2021-10-03 16:01:48 #9 type] 
Type domain.Pronostikoa is not enhanced.

[2021-10-03 16:01:48 #10 type.registry] 
New type domain.Apustua

[2021-10-03 16:01:48 #11 type.registry] 
New type java.util.Vector<domain.Apustua>

[2021-10-03 16:01:48 #12 type] 
Type domain.Apustua is not enhanced.

[2021-10-03 16:01:48 #13 type.registry] 
New type domain.Pertsona

[2021-10-03 16:01:48 #14 type.registry] 
New type domain.Bezero

[2021-10-03 16:01:48 #15 type] 
Type domain.Pertsona is not enhanced.

[2021-10-03 16:01:48 #16 type] 
Type domain.Bezero is not enhanced.

[2021-10-03 16:01:48 #17 type.registry] 
New type domain.Kodea

[2021-10-03 16:01:48 #18 type.registry] 
New type java.util.Vector<domain.Kodea>

[2021-10-03 16:01:48 #19 type.registry] 
New type java.util.Vector<domain.Bezero>

[2021-10-03 16:01:48 #20 type.registry] 
New type domain.Mugimendua

[2021-10-03 16:01:48 #21 type.registry] 
New type java.util.Vector<domain.Mugimendua>

[2021-10-03 16:01:48 #22 type] 
Type domain.Kodea is not enhanced.

[2021-10-03 16:01:48 #23 type] 
Type domain.Mugimendua is not enhanced.

[2021-10-03 16:01:48 #24 type.registry] 
New type java.util.Vector<java.lang.Object>

------------------------------------------------------------------------------------------------------------------------

[2021-10-03 17:59:36 #1 store] 
Database 'C:\Users\Usuario\git\SI2\Bets21\src\main\resources\bets.temp' is opened by 12972@DESKTOP-NGL0TFB

[2021-10-03 17:59:36 #2 type.registry] 
New type domain.Event

[2021-10-03 17:59:36 #3 type] 
Type domain.Event is not enhanced.

[2021-10-03 17:59:36 #4 type.registry] 
New type domain.Question

[2021-10-03 17:59:36 #5 type.registry] 
New type java.util.Vector<domain.Question>

[2021-10-03 17:59:36 #6 type] 
Type domain.Question is not enhanced.

[2021-10-03 17:59:36 #7 type.registry] 
New type domain.Pronostikoa

[2021-10-03 17:59:36 #8 type.registry] 
New type java.util.Vector<domain.Pronostikoa>

[2021-10-03 17:59:36 #9 type] 
Type domain.Pronostikoa is not enhanced.

[2021-10-03 17:59:36 #10 type.registry] 
New type domain.Apustua

[2021-10-03 17:59:36 #11 type.registry] 
New type java.util.Vector<domain.Apustua>

[2021-10-03 17:59:36 #12 type] 
Type domain.Apustua is not enhanced.

[2021-10-03 17:59:36 #13 type.registry] 
New type domain.Pertsona

[2021-10-03 17:59:36 #14 type.registry] 
New type domain.Bezero

[2021-10-03 17:59:36 #15 type] 
Type domain.Pertsona is not enhanced.

[2021-10-03 17:59:36 #16 type] 
Type domain.Bezero is not enhanced.

[2021-10-03 17:59:36 #17 type.registry] 
New type domain.Kodea

[2021-10-03 17:59:36 #18 type.registry] 
New type java.util.Vector<domain.Kodea>

[2021-10-03 17:59:36 #19 type.registry] 
New type java.util.Vector<domain.Bezero>

[2021-10-03 17:59:36 #20 type.registry] 
New type domain.Mugimendua

[2021-10-03 17:59:36 #21 type.registry] 
New type java.util.Vector<domain.Mugimendua>

[2021-10-03 17:59:36 #22 type] 
Type domain.Kodea is not enhanced.

[2021-10-03 17:59:36 #23 type] 
Type domain.Mugimendua is not enhanced.

[2021-10-03 17:59:37 #24 type.registry] 
New type java.util.Vector<java.lang.Object>

------------------------------------------------------------------------------------------------------------------------

[2021-10-03 18:05:06 #1 store] 
Database 'C:\Users\Usuario\git\SI2\Bets21\src\main\resources\bets.temp' is opened by 9144@DESKTOP-NGL0TFB

[2021-10-03 18:05:06 #2 type.registry] 
New type domain.Event

[2021-10-03 18:05:06 #3 type] 
Type domain.Event is not enhanced.

[2021-10-03 18:05:06 #4 type.registry] 
New type domain.Question

[2021-10-03 18:05:06 #5 type.registry] 
New type java.util.Vector<domain.Question>

[2021-10-03 18:05:06 #6 type] 
Type domain.Question is not enhanced.

[2021-10-03 18:05:06 #7 type.registry] 
New type domain.Pronostikoa

[2021-10-03 18:05:06 #8 type.registry] 
New type java.util.Vector<domain.Pronostikoa>

[2021-10-03 18:05:06 #9 type] 
Type domain.Pronostikoa is not enhanced.

[2021-10-03 18:05:06 #10 type.registry] 
New type domain.Apustua

[2021-10-03 18:05:06 #11 type.registry] 
New type java.util.Vector<domain.Apustua>

[2021-10-03 18:05:06 #12 type] 
Type domain.Apustua is not enhanced.

[2021-10-03 18:05:06 #13 type.registry] 
New type domain.Pertsona

[2021-10-03 18:05:06 #14 type.registry] 
New type domain.Bezero

[2021-10-03 18:05:06 #15 type] 
Type domain.Pertsona is not enhanced.

[2021-10-03 18:05:06 #16 type] 
Type domain.Bezero is not enhanced.

[2021-10-03 18:05:06 #17 type.registry] 
New type domain.Kodea

[2021-10-03 18:05:06 #18 type.registry] 
New type java.util.Vector<domain.Kodea>

[2021-10-03 18:05:06 #19 type.registry] 
New type java.util.Vector<domain.Bezero>

[2021-10-03 18:05:06 #20 type.registry] 
New type domain.Mugimendua

[2021-10-03 18:05:06 #21 type.registry] 
New type java.util.Vector<domain.Mugimendua>

[2021-10-03 18:05:06 #22 type] 
Type domain.Kodea is not enhanced.

[2021-10-03 18:05:06 #23 type] 
Type domain.Mugimendua is not enhanced.

[2021-10-03 18:05:06 #24 type.registry] 
New type java.util.Vector<java.lang.Object>

------------------------------------------------------------------------------------------------------------------------

[2021-10-03 18:06:48 #1 store] 
Database 'C:\Users\Usuario\git\SI2\Bets21\src\main\resources\bets.temp' is opened by 7620@DESKTOP-NGL0TFB

[2021-10-03 18:06:48 #2 type.registry] 
New type domain.Event

[2021-10-03 18:06:48 #3 type] 
Type domain.Event is not enhanced.

[2021-10-03 18:06:48 #4 type.registry] 
New type domain.Question

[2021-10-03 18:06:48 #5 type.registry] 
New type java.util.Vector<domain.Question>

[2021-10-03 18:06:48 #6 type] 
Type domain.Question is not enhanced.

[2021-10-03 18:06:48 #7 type.registry] 
New type domain.Pronostikoa

[2021-10-03 18:06:48 #8 type.registry] 
New type java.util.Vector<domain.Pronostikoa>

[2021-10-03 18:06:48 #9 type] 
Type domain.Pronostikoa is not enhanced.

[2021-10-03 18:06:48 #10 type.registry] 
New type domain.Apustua

[2021-10-03 18:06:48 #11 type.registry] 
New type java.util.Vector<domain.Apustua>

[2021-10-03 18:06:48 #12 type] 
Type domain.Apustua is not enhanced.

[2021-10-03 18:06:48 #13 type.registry] 
New type domain.Pertsona

[2021-10-03 18:06:48 #14 type.registry] 
New type domain.Bezero

[2021-10-03 18:06:48 #15 type] 
Type domain.Pertsona is not enhanced.

[2021-10-03 18:06:48 #16 type] 
Type domain.Bezero is not enhanced.

[2021-10-03 18:06:48 #17 type.registry] 
New type domain.Kodea

[2021-10-03 18:06:48 #18 type.registry] 
New type java.util.Vector<domain.Kodea>

[2021-10-03 18:06:48 #19 type.registry] 
New type java.util.Vector<domain.Bezero>

[2021-10-03 18:06:48 #20 type.registry] 
New type domain.Mugimendua

[2021-10-03 18:06:48 #21 type.registry] 
New type java.util.Vector<domain.Mugimendua>

[2021-10-03 18:06:48 #22 type] 
Type domain.Kodea is not enhanced.

[2021-10-03 18:06:48 #23 type] 
Type domain.Mugimendua is not enhanced.

[2021-10-03 18:06:48 #24 type.registry] 
New type java.util.Vector<java.lang.Object>

------------------------------------------------------------------------------------------------------------------------

[2021-10-03 18:33:24 #1 store] 
Database 'C:\Users\Usuario\git\SI2\Bets21\src\main\resources\bets.temp' is opened by 5496@DESKTOP-NGL0TFB

[2021-10-03 18:33:24 #2 type.registry] 
New type domain.Question

[2021-10-03 18:33:24 #3 type] 
Type domain.Question is not enhanced.

[2021-10-03 18:33:24 #4 type.registry] 
New type domain.Pronostikoa

[2021-10-03 18:33:24 #5 type.registry] 
New type java.util.Vector<domain.Pronostikoa>

[2021-10-03 18:33:24 #6 type.registry] 
New type domain.Event

[2021-10-03 18:33:24 #7 type] 
Type domain.Pronostikoa is not enhanced.

[2021-10-03 18:33:24 #8 type.registry] 
New type domain.Apustua

[2021-10-03 18:33:24 #9 type.registry] 
New type java.util.Vector<domain.Apustua>

[2021-10-03 18:33:24 #10 type] 
Type domain.Event is not enhanced.

[2021-10-03 18:33:24 #11 type.registry] 
New type java.util.Vector<domain.Question>

[2021-10-03 18:33:24 #12 type] 
Type domain.Apustua is not enhanced.

[2021-10-03 18:33:24 #13 type.registry] 
New type domain.Pertsona

[2021-10-03 18:33:24 #14 type.registry] 
New type domain.Bezero

[2021-10-03 18:33:24 #15 type] 
Type domain.Pertsona is not enhanced.

[2021-10-03 18:33:24 #16 type] 
Type domain.Bezero is not enhanced.

[2021-10-03 18:33:24 #17 type.registry] 
New type domain.Kodea

[2021-10-03 18:33:24 #18 type.registry] 
New type java.util.Vector<domain.Kodea>

[2021-10-03 18:33:24 #19 type.registry] 
New type java.util.Vector<domain.Bezero>

[2021-10-03 18:33:24 #20 type.registry] 
New type domain.Mugimendua

[2021-10-03 18:33:24 #21 type.registry] 
New type java.util.Vector<domain.Mugimendua>

[2021-10-03 18:33:24 #22 type] 
Type domain.Kodea is not enhanced.

[2021-10-03 18:33:24 #23 type] 
Type domain.Mugimendua is not enhanced.

[2021-10-03 18:33:24 #24 type.registry] 
New type java.util.Vector<java.lang.Object>

------------------------------------------------------------------------------------------------------------------------

[2021-10-03 19:03:06 #1 store] 
Database 'C:\Users\Usuario\git\SI2\Bets21\src\main\resources\bets.temp' is opened by 9356@DESKTOP-NGL0TFB

[2021-10-03 19:03:07 #2 type.registry] 
New type domain.Question

[2021-10-03 19:03:07 #3 type] 
Type domain.Question is not enhanced.

[2021-10-03 19:03:07 #4 type.registry] 
New type domain.Pronostikoa

[2021-10-03 19:03:07 #5 type.registry] 
New type java.util.Vector<domain.Pronostikoa>

[2021-10-03 19:03:07 #6 type.registry] 
New type domain.Event

[2021-10-03 19:03:07 #7 type] 
Type domain.Pronostikoa is not enhanced.

[2021-10-03 19:03:07 #8 type.registry] 
New type domain.Apustua

[2021-10-03 19:03:07 #9 type.registry] 
New type java.util.Vector<domain.Apustua>

[2021-10-03 19:03:07 #10 type] 
Type domain.Event is not enhanced.

[2021-10-03 19:03:07 #11 type.registry] 
New type java.util.Vector<domain.Question>

[2021-10-03 19:03:07 #12 type] 
Type domain.Apustua is not enhanced.

[2021-10-03 19:03:07 #13 type.registry] 
New type domain.Pertsona

[2021-10-03 19:03:07 #14 type.registry] 
New type domain.Bezero

[2021-10-03 19:03:07 #15 type] 
Type domain.Pertsona is not enhanced.

[2021-10-03 19:03:07 #16 type] 
Type domain.Bezero is not enhanced.

[2021-10-03 19:03:07 #17 type.registry] 
New type domain.Kodea

[2021-10-03 19:03:07 #18 type.registry] 
New type java.util.Vector<domain.Kodea>

[2021-10-03 19:03:07 #19 type.registry] 
New type java.util.Vector<domain.Bezero>

[2021-10-03 19:03:07 #20 type.registry] 
New type domain.Mugimendua

[2021-10-03 19:03:07 #21 type.registry] 
New type java.util.Vector<domain.Mugimendua>

[2021-10-03 19:03:07 #22 type] 
Type domain.Kodea is not enhanced.

[2021-10-03 19:03:07 #23 type] 
Type domain.Mugimendua is not enhanced.

[2021-10-03 19:03:07 #24 type.registry] 
New type java.util.Vector<java.lang.Object>

------------------------------------------------------------------------------------------------------------------------

[2021-10-03 19:24:05 #1 store] 
Database 'C:\Users\Usuario\git\SI2\Bets21\src\main\resources\bets.temp' is opened by 6940@DESKTOP-NGL0TFB

------------------------------------------------------------------------------------------------------------------------

[2021-10-03 20:11:39 #1 store] 
Database 'C:\Users\Usuario\git\SI2\Bets21\src\main\resources\bets.temp' is opened by 11564@DESKTOP-NGL0TFB

[2021-10-03 20:11:39 #2 type.registry] 
New type domain.Pertsona

[2021-10-03 20:11:39 #3 type] 
Type domain.Pertsona is not enhanced.

[2021-10-03 20:11:40 #4 type.registry] 
New type domain.Bezero

[2021-10-03 20:11:40 #5 type] 
Type domain.Bezero is not enhanced.

[2021-10-03 20:11:40 #6 type.registry] 
New type domain.Kodea

[2021-10-03 20:11:40 #7 type.registry] 
New type java.util.Vector<domain.Kodea>

[2021-10-03 20:11:40 #8 type.registry] 
New type java.util.Vector<domain.Bezero>

[2021-10-03 20:11:40 #9 type.registry] 
New type domain.Apustua

[2021-10-03 20:11:40 #10 type.registry] 
New type java.util.Vector<domain.Apustua>

[2021-10-03 20:11:40 #11 type.registry] 
New type domain.Mugimendua

[2021-10-03 20:11:40 #12 type.registry] 
New type java.util.Vector<domain.Mugimendua>

[2021-10-03 20:11:40 #13 type] 
Type domain.Kodea is not enhanced.

[2021-10-03 20:11:40 #14 type] 
Type domain.Apustua is not enhanced.

[2021-10-03 20:11:40 #15 type.registry] 
New type domain.Pronostikoa

[2021-10-03 20:11:40 #16 type.registry] 
New type java.util.Vector<domain.Pronostikoa>

[2021-10-03 20:11:40 #17 type] 
Type domain.Mugimendua is not enhanced.

[2021-10-03 20:11:40 #18 type] 
Type domain.Pronostikoa is not enhanced.

[2021-10-03 20:11:40 #19 type.registry] 
New type domain.Question

[2021-10-03 20:11:40 #20 type] 
Type domain.Question is not enhanced.

[2021-10-03 20:11:40 #21 type.registry] 
New type domain.Event

[2021-10-03 20:11:40 #22 type] 
Type domain.Event is not enhanced.

[2021-10-03 20:11:40 #23 type.registry] 
New type java.util.Vector<domain.Question>

[2021-10-03 20:11:40 #24 type.registry] 
New type java.util.Vector<java.lang.Object>

------------------------------------------------------------------------------------------------------------------------

[2021-10-03 20:15:12 #1 store] 
Database 'C:\Users\Usuario\git\SI2\Bets21\src\main\resources\bets.temp' is opened by 13096@DESKTOP-NGL0TFB

[2021-10-03 20:15:13 #2 type.registry] 
New type domain.Question

[2021-10-03 20:15:13 #3 type] 
Type domain.Question is not enhanced.

[2021-10-03 20:15:13 #4 type.registry] 
New type domain.Pronostikoa

[2021-10-03 20:15:13 #5 type.registry] 
New type java.util.Vector<domain.Pronostikoa>

[2021-10-03 20:15:13 #6 type.registry] 
New type domain.Event

[2021-10-03 20:15:13 #7 type] 
Type domain.Pronostikoa is not enhanced.

[2021-10-03 20:15:13 #8 type.registry] 
New type domain.Apustua

[2021-10-03 20:15:13 #9 type.registry] 
New type java.util.Vector<domain.Apustua>

[2021-10-03 20:15:13 #10 type] 
Type domain.Event is not enhanced.

[2021-10-03 20:15:13 #11 type.registry] 
New type java.util.Vector<domain.Question>

[2021-10-03 20:15:13 #12 type] 
Type domain.Apustua is not enhanced.

[2021-10-03 20:15:13 #13 type.registry] 
New type domain.Pertsona

[2021-10-03 20:15:13 #14 type.registry] 
New type domain.Bezero

[2021-10-03 20:15:13 #15 type] 
Type domain.Pertsona is not enhanced.

[2021-10-03 20:15:13 #16 type] 
Type domain.Bezero is not enhanced.

[2021-10-03 20:15:13 #17 type.registry] 
New type domain.Kodea

[2021-10-03 20:15:13 #18 type.registry] 
New type java.util.Vector<domain.Kodea>

[2021-10-03 20:15:13 #19 type.registry] 
New type java.util.Vector<domain.Bezero>

[2021-10-03 20:15:13 #20 type.registry] 
New type domain.Mugimendua

[2021-10-03 20:15:13 #21 type.registry] 
New type java.util.Vector<domain.Mugimendua>

[2021-10-03 20:15:13 #22 type] 
Type domain.Kodea is not enhanced.

[2021-10-03 20:15:13 #23 type] 
Type domain.Mugimendua is not enhanced.

[2021-10-03 20:15:13 #24 type.registry] 
New type java.util.Vector<java.lang.Object>

