------------------------------------------------------------------------------------------------------------------------

[2021-10-01 15:25:03 #1 store] 
Database 'C:\Users\USU\Desktop\workspaceSI2\Bets21\src\main\resources\bets.temp' has been recovered (tr. 1-22)

[2021-10-01 15:25:03 #2 store] 
Database 'C:\Users\USU\Desktop\workspaceSI2\Bets21\src\main\resources\bets.temp' is opened by 8460@DESKTOP-JFS5NG3

[2021-10-01 15:25:03 #3 type] 
Type domain.Kodea is not enhanced.

[2021-10-01 15:25:03 #4 type] 
Type domain.Pertsona is not enhanced.

[2021-10-01 15:25:03 #5 type] 
Type domain.Bezero is not enhanced.

[2021-10-01 15:25:03 #6 type] 
Type domain.Apustua is not enhanced.

[2021-10-01 15:25:03 #7 type] 
Type domain.Mugimendua is not enhanced.

[2021-10-01 15:25:03 #8 type] 
Type domain.Pronostikoa is not enhanced.

[2021-10-01 15:25:03 #9 type] 
Type domain.Question is not enhanced.

[2021-10-01 15:25:03 #10 type] 
Type domain.Event is not enhanced.

[2021-10-01 15:25:03 #11 type] 
Type domain.Admin is not enhanced.

[2021-10-01 15:25:03 #12 type] 
Type domain.Langilea is not enhanced.

------------------------------------------------------------------------------------------------------------------------

[2021-10-01 15:26:30 #1 store] 
Database 'C:\Users\USU\Desktop\workspaceSI2\Bets21\src\main\resources\bets.temp' has been recovered (tr. 24-38)

[2021-10-01 15:26:31 #2 store] 
Database 'C:\Users\USU\Desktop\workspaceSI2\Bets21\src\main\resources\bets.temp' is opened by 300@DESKTOP-JFS5NG3

[2021-10-01 15:26:31 #3 type] 
Type domain.Kodea is not enhanced.

[2021-10-01 15:26:31 #4 type] 
Type domain.Pertsona is not enhanced.

[2021-10-01 15:26:31 #5 type] 
Type domain.Bezero is not enhanced.

[2021-10-01 15:26:31 #6 type] 
Type domain.Apustua is not enhanced.

[2021-10-01 15:26:31 #7 type] 
Type domain.Mugimendua is not enhanced.

[2021-10-01 15:26:31 #8 type] 
Type domain.Pronostikoa is not enhanced.

[2021-10-01 15:26:31 #9 type] 
Type domain.Question is not enhanced.

[2021-10-01 15:26:31 #10 type] 
Type domain.Event is not enhanced.

[2021-10-01 15:26:31 #11 type] 
Type domain.Admin is not enhanced.

[2021-10-01 15:26:31 #12 type] 
Type domain.Langilea is not enhanced.

------------------------------------------------------------------------------------------------------------------------

[2021-10-01 15:30:49 #1 store] 
Database 'C:\Users\USU\Desktop\workspaceSI2\Bets21\src\main\resources\bets.temp' has been recovered (tr. 40-54)

[2021-10-01 15:30:49 #2 store] 
Database 'C:\Users\USU\Desktop\workspaceSI2\Bets21\src\main\resources\bets.temp' is opened by 15644@DESKTOP-JFS5NG3

[2021-10-01 15:30:49 #3 type] 
Type domain.Kodea is not enhanced.

[2021-10-01 15:30:49 #4 type] 
Type domain.Pertsona is not enhanced.

[2021-10-01 15:30:49 #5 type] 
Type domain.Bezero is not enhanced.

[2021-10-01 15:30:49 #6 type] 
Type domain.Apustua is not enhanced.

[2021-10-01 15:30:49 #7 type] 
Type domain.Mugimendua is not enhanced.

[2021-10-01 15:30:49 #8 type] 
Type domain.Pronostikoa is not enhanced.

[2021-10-01 15:30:49 #9 type] 
Type domain.Question is not enhanced.

[2021-10-01 15:30:49 #10 type] 
Type domain.Event is not enhanced.

[2021-10-01 15:30:49 #11 type] 
Type domain.Admin is not enhanced.

[2021-10-01 15:30:49 #12 type] 
Type domain.Langilea is not enhanced.

------------------------------------------------------------------------------------------------------------------------

[2021-10-01 15:35:00 #1 store] 
Database 'C:\Users\USU\Desktop\workspaceSI2\Bets21\src\main\resources\bets.temp' has been recovered (tr. 56-70)

[2021-10-01 15:35:00 #2 store] 
Database 'C:\Users\USU\Desktop\workspaceSI2\Bets21\src\main\resources\bets.temp' is opened by 5344@DESKTOP-JFS5NG3

[2021-10-01 15:35:00 #3 type] 
Type domain.Kodea is not enhanced.

[2021-10-01 15:35:00 #4 type] 
Type domain.Pertsona is not enhanced.

[2021-10-01 15:35:00 #5 type] 
Type domain.Bezero is not enhanced.

[2021-10-01 15:35:00 #6 type] 
Type domain.Apustua is not enhanced.

[2021-10-01 15:35:00 #7 type] 
Type domain.Mugimendua is not enhanced.

[2021-10-01 15:35:00 #8 type] 
Type domain.Pronostikoa is not enhanced.

[2021-10-01 15:35:00 #9 type] 
Type domain.Question is not enhanced.

[2021-10-01 15:35:00 #10 type] 
Type domain.Event is not enhanced.

[2021-10-01 15:35:00 #11 type] 
Type domain.Admin is not enhanced.

[2021-10-01 15:35:00 #12 type] 
Type domain.Langilea is not enhanced.

------------------------------------------------------------------------------------------------------------------------

[2021-10-01 15:36:39 #1 store] 
Database 'C:\Users\USU\Desktop\workspaceSI2\Bets21\src\main\resources\bets.temp' has been recovered (tr. 72-86)

[2021-10-01 15:36:40 #2 store] 
Database 'C:\Users\USU\Desktop\workspaceSI2\Bets21\src\main\resources\bets.temp' is opened by 10068@DESKTOP-JFS5NG3

[2021-10-01 15:36:40 #3 type] 
Type domain.Kodea is not enhanced.

[2021-10-01 15:36:40 #4 type] 
Type domain.Pertsona is not enhanced.

[2021-10-01 15:36:40 #5 type] 
Type domain.Bezero is not enhanced.

[2021-10-01 15:36:40 #6 type] 
Type domain.Apustua is not enhanced.

[2021-10-01 15:36:40 #7 type] 
Type domain.Mugimendua is not enhanced.

[2021-10-01 15:36:40 #8 type] 
Type domain.Pronostikoa is not enhanced.

[2021-10-01 15:36:40 #9 type] 
Type domain.Question is not enhanced.

[2021-10-01 15:36:40 #10 type] 
Type domain.Event is not enhanced.

[2021-10-01 15:36:40 #11 type] 
Type domain.Admin is not enhanced.

[2021-10-01 15:36:40 #12 type] 
Type domain.Langilea is not enhanced.

------------------------------------------------------------------------------------------------------------------------

[2021-10-01 15:42:57 #1 store] 
Database 'C:\Users\USU\Desktop\workspaceSI2\Bets21\src\main\resources\bets.temp' has been recovered (tr. 88-100)

[2021-10-01 15:42:57 #2 store] 
Database 'C:\Users\USU\Desktop\workspaceSI2\Bets21\src\main\resources\bets.temp' is opened by 10940@DESKTOP-JFS5NG3

[2021-10-01 15:42:57 #3 type] 
Type domain.Kodea is not enhanced.

[2021-10-01 15:42:57 #4 type] 
Type domain.Pertsona is not enhanced.

[2021-10-01 15:42:57 #5 type] 
Type domain.Bezero is not enhanced.

[2021-10-01 15:42:57 #6 type] 
Type domain.Apustua is not enhanced.

[2021-10-01 15:42:57 #7 type] 
Type domain.Mugimendua is not enhanced.

[2021-10-01 15:42:57 #8 type] 
Type domain.Pronostikoa is not enhanced.

[2021-10-01 15:42:57 #9 type] 
Type domain.Question is not enhanced.

[2021-10-01 15:42:57 #10 type] 
Type domain.Event is not enhanced.

[2021-10-01 15:42:57 #11 type] 
Type domain.Admin is not enhanced.

[2021-10-01 15:42:57 #12 type] 
Type domain.Langilea is not enhanced.

------------------------------------------------------------------------------------------------------------------------

[2021-10-01 15:46:48 #1 store] 
Database 'C:\Users\USU\Desktop\workspaceSI2\Bets21\src\main\resources\bets.temp' has been recovered (tr. 102-114)

[2021-10-01 15:46:48 #2 store] 
Database 'C:\Users\USU\Desktop\workspaceSI2\Bets21\src\main\resources\bets.temp' is opened by 13664@DESKTOP-JFS5NG3

[2021-10-01 15:46:49 #3 type] 
Type domain.Kodea is not enhanced.

[2021-10-01 15:46:49 #4 type] 
Type domain.Pertsona is not enhanced.

[2021-10-01 15:46:49 #5 type] 
Type domain.Bezero is not enhanced.

[2021-10-01 15:46:49 #6 type] 
Type domain.Apustua is not enhanced.

[2021-10-01 15:46:49 #7 type] 
Type domain.Mugimendua is not enhanced.

[2021-10-01 15:46:49 #8 type] 
Type domain.Pronostikoa is not enhanced.

[2021-10-01 15:46:49 #9 type] 
Type domain.Question is not enhanced.

[2021-10-01 15:46:49 #10 type] 
Type domain.Event is not enhanced.

[2021-10-01 15:46:49 #11 type] 
Type domain.Admin is not enhanced.

[2021-10-01 15:46:49 #12 type] 
Type domain.Langilea is not enhanced.

------------------------------------------------------------------------------------------------------------------------

[2021-10-01 15:47:44 #1 store] 
Database 'C:\Users\USU\Desktop\workspaceSI2\Bets21\src\main\resources\bets.temp' has been recovered (tr. 116-128)

[2021-10-01 15:47:44 #2 store] 
Database 'C:\Users\USU\Desktop\workspaceSI2\Bets21\src\main\resources\bets.temp' is opened by 2152@DESKTOP-JFS5NG3

[2021-10-01 15:47:44 #3 type] 
Type domain.Kodea is not enhanced.

[2021-10-01 15:47:44 #4 type] 
Type domain.Pertsona is not enhanced.

[2021-10-01 15:47:44 #5 type] 
Type domain.Bezero is not enhanced.

[2021-10-01 15:47:44 #6 type] 
Type domain.Apustua is not enhanced.

[2021-10-01 15:47:44 #7 type] 
Type domain.Mugimendua is not enhanced.

[2021-10-01 15:47:44 #8 type] 
Type domain.Pronostikoa is not enhanced.

[2021-10-01 15:47:44 #9 type] 
Type domain.Question is not enhanced.

[2021-10-01 15:47:44 #10 type] 
Type domain.Event is not enhanced.

[2021-10-01 15:47:44 #11 type] 
Type domain.Admin is not enhanced.

[2021-10-01 15:47:44 #12 type] 
Type domain.Langilea is not enhanced.

