------------------------------------------------------------------------------------------------------------------------

[2021-10-03 16:01:48 #1 store] 
Database 'C:\Users\Usuario\git\SI2\Bets21\src\main\resources\bets.temp' is opened by 8712@DESKTOP-NGL0TFB

[2021-10-03 16:01:48 #2 type.registry] 
New type domain.Event

[2021-10-03 16:01:48 #3 type] 
Type domain.Event is not enhanced.

[2021-10-03 16:01:48 #4 type.registry] 
New type domain.Question

[2021-10-03 16:01:48 #5 type.registry] 
New type java.util.Vector<domain.Question>

[2021-10-03 16:01:48 #6 type] 
Type domain.Question is not enhanced.

[2021-10-03 16:01:48 #7 type.registry] 
New type domain.Pronostikoa

[2021-10-03 16:01:48 #8 type.registry] 
New type java.util.Vector<domain.Pronostikoa>

[2021-10-03 16:01:48 #9 type] 
Type domain.Pronostikoa is not enhanced.

[2021-10-03 16:01:48 #10 type.registry] 
New type domain.Apustua

[2021-10-03 16:01:48 #11 type.registry] 
New type java.util.Vector<domain.Apustua>

[2021-10-03 16:01:48 #12 type] 
Type domain.Apustua is not enhanced.

[2021-10-03 16:01:48 #13 type.registry] 
New type domain.Pertsona

[2021-10-03 16:01:48 #14 type.registry] 
New type domain.Bezero

[2021-10-03 16:01:48 #15 type] 
Type domain.Pertsona is not enhanced.

[2021-10-03 16:01:48 #16 type] 
Type domain.Bezero is not enhanced.

[2021-10-03 16:01:48 #17 type.registry] 
New type domain.Kodea

[2021-10-03 16:01:48 #18 type.registry] 
New type java.util.Vector<domain.Kodea>

[2021-10-03 16:01:48 #19 type.registry] 
New type java.util.Vector<domain.Bezero>

[2021-10-03 16:01:48 #20 type.registry] 
New type domain.Mugimendua

[2021-10-03 16:01:48 #21 type.registry] 
New type java.util.Vector<domain.Mugimendua>

[2021-10-03 16:01:48 #22 type] 
Type domain.Kodea is not enhanced.

[2021-10-03 16:01:48 #23 type] 
Type domain.Mugimendua is not enhanced.

[2021-10-03 16:01:48 #24 type.registry] 
New type java.util.Vector<java.lang.Object>

------------------------------------------------------------------------------------------------------------------------

[2021-10-03 17:59:36 #1 store] 
Database 'C:\Users\Usuario\git\SI2\Bets21\src\main\resources\bets.temp' is opened by 12972@DESKTOP-NGL0TFB

[2021-10-03 17:59:36 #2 type.registry] 
New type domain.Event

[2021-10-03 17:59:36 #3 type] 
Type domain.Event is not enhanced.

[2021-10-03 17:59:36 #4 type.registry] 
New type domain.Question

[2021-10-03 17:59:36 #5 type.registry] 
New type java.util.Vector<domain.Question>

[2021-10-03 17:59:36 #6 type] 
Type domain.Question is not enhanced.

[2021-10-03 17:59:36 #7 type.registry] 
New type domain.Pronostikoa

[2021-10-03 17:59:36 #8 type.registry] 
New type java.util.Vector<domain.Pronostikoa>

[2021-10-03 17:59:36 #9 type] 
Type domain.Pronostikoa is not enhanced.

[2021-10-03 17:59:36 #10 type.registry] 
New type domain.Apustua

[2021-10-03 17:59:36 #11 type.registry] 
New type java.util.Vector<domain.Apustua>

[2021-10-03 17:59:36 #12 type] 
Type domain.Apustua is not enhanced.

[2021-10-03 17:59:36 #13 type.registry] 
New type domain.Pertsona

[2021-10-03 17:59:36 #14 type.registry] 
New type domain.Bezero

[2021-10-03 17:59:36 #15 type] 
Type domain.Pertsona is not enhanced.

[2021-10-03 17:59:36 #16 type] 
Type domain.Bezero is not enhanced.

[2021-10-03 17:59:36 #17 type.registry] 
New type domain.Kodea

[2021-10-03 17:59:36 #18 type.registry] 
New type java.util.Vector<domain.Kodea>

[2021-10-03 17:59:36 #19 type.registry] 
New type java.util.Vector<domain.Bezero>

[2021-10-03 17:59:36 #20 type.registry] 
New type domain.Mugimendua

[2021-10-03 17:59:36 #21 type.registry] 
New type java.util.Vector<domain.Mugimendua>

[2021-10-03 17:59:36 #22 type] 
Type domain.Kodea is not enhanced.

[2021-10-03 17:59:36 #23 type] 
Type domain.Mugimendua is not enhanced.

[2021-10-03 17:59:37 #24 type.registry] 
New type java.util.Vector<java.lang.Object>

------------------------------------------------------------------------------------------------------------------------

[2021-10-03 18:05:06 #1 store] 
Database 'C:\Users\Usuario\git\SI2\Bets21\src\main\resources\bets.temp' is opened by 9144@DESKTOP-NGL0TFB

[2021-10-03 18:05:06 #2 type.registry] 
New type domain.Event

[2021-10-03 18:05:06 #3 type] 
Type domain.Event is not enhanced.

[2021-10-03 18:05:06 #4 type.registry] 
New type domain.Question

[2021-10-03 18:05:06 #5 type.registry] 
New type java.util.Vector<domain.Question>

[2021-10-03 18:05:06 #6 type] 
Type domain.Question is not enhanced.

[2021-10-03 18:05:06 #7 type.registry] 
New type domain.Pronostikoa

[2021-10-03 18:05:06 #8 type.registry] 
New type java.util.Vector<domain.Pronostikoa>

[2021-10-03 18:05:06 #9 type] 
Type domain.Pronostikoa is not enhanced.

[2021-10-03 18:05:06 #10 type.registry] 
New type domain.Apustua

[2021-10-03 18:05:06 #11 type.registry] 
New type java.util.Vector<domain.Apustua>

[2021-10-03 18:05:06 #12 type] 
Type domain.Apustua is not enhanced.

[2021-10-03 18:05:06 #13 type.registry] 
New type domain.Pertsona

[2021-10-03 18:05:06 #14 type.registry] 
New type domain.Bezero

[2021-10-03 18:05:06 #15 type] 
Type domain.Pertsona is not enhanced.

[2021-10-03 18:05:06 #16 type] 
Type domain.Bezero is not enhanced.

[2021-10-03 18:05:06 #17 type.registry] 
New type domain.Kodea

[2021-10-03 18:05:06 #18 type.registry] 
New type java.util.Vector<domain.Kodea>

[2021-10-03 18:05:06 #19 type.registry] 
New type java.util.Vector<domain.Bezero>

[2021-10-03 18:05:06 #20 type.registry] 
New type domain.Mugimendua

[2021-10-03 18:05:06 #21 type.registry] 
New type java.util.Vector<domain.Mugimendua>

[2021-10-03 18:05:06 #22 type] 
Type domain.Kodea is not enhanced.

[2021-10-03 18:05:06 #23 type] 
Type domain.Mugimendua is not enhanced.

[2021-10-03 18:05:06 #24 type.registry] 
New type java.util.Vector<java.lang.Object>

------------------------------------------------------------------------------------------------------------------------

[2021-10-03 18:06:48 #1 store] 
Database 'C:\Users\Usuario\git\SI2\Bets21\src\main\resources\bets.temp' is opened by 7620@DESKTOP-NGL0TFB

[2021-10-03 18:06:48 #2 type.registry] 
New type domain.Event

[2021-10-03 18:06:48 #3 type] 
Type domain.Event is not enhanced.

[2021-10-03 18:06:48 #4 type.registry] 
New type domain.Question

[2021-10-03 18:06:48 #5 type.registry] 
New type java.util.Vector<domain.Question>

[2021-10-03 18:06:48 #6 type] 
Type domain.Question is not enhanced.

[2021-10-03 18:06:48 #7 type.registry] 
New type domain.Pronostikoa

[2021-10-03 18:06:48 #8 type.registry] 
New type java.util.Vector<domain.Pronostikoa>

[2021-10-03 18:06:48 #9 type] 
Type domain.Pronostikoa is not enhanced.

[2021-10-03 18:06:48 #10 type.registry] 
New type domain.Apustua

[2021-10-03 18:06:48 #11 type.registry] 
New type java.util.Vector<domain.Apustua>

[2021-10-03 18:06:48 #12 type] 
Type domain.Apustua is not enhanced.

[2021-10-03 18:06:48 #13 type.registry] 
New type domain.Pertsona

[2021-10-03 18:06:48 #14 type.registry] 
New type domain.Bezero

[2021-10-03 18:06:48 #15 type] 
Type domain.Pertsona is not enhanced.

[2021-10-03 18:06:48 #16 type] 
Type domain.Bezero is not enhanced.

[2021-10-03 18:06:48 #17 type.registry] 
New type domain.Kodea

[2021-10-03 18:06:48 #18 type.registry] 
New type java.util.Vector<domain.Kodea>

[2021-10-03 18:06:48 #19 type.registry] 
New type java.util.Vector<domain.Bezero>

[2021-10-03 18:06:48 #20 type.registry] 
New type domain.Mugimendua

[2021-10-03 18:06:48 #21 type.registry] 
New type java.util.Vector<domain.Mugimendua>

[2021-10-03 18:06:48 #22 type] 
Type domain.Kodea is not enhanced.

[2021-10-03 18:06:48 #23 type] 
Type domain.Mugimendua is not enhanced.

[2021-10-03 18:06:48 #24 type.registry] 
New type java.util.Vector<java.lang.Object>

------------------------------------------------------------------------------------------------------------------------

[2021-10-03 18:33:24 #1 store] 
Database 'C:\Users\Usuario\git\SI2\Bets21\src\main\resources\bets.temp' is opened by 5496@DESKTOP-NGL0TFB

[2021-10-03 18:33:24 #2 type.registry] 
New type domain.Question

[2021-10-03 18:33:24 #3 type] 
Type domain.Question is not enhanced.

[2021-10-03 18:33:24 #4 type.registry] 
New type domain.Pronostikoa

[2021-10-03 18:33:24 #5 type.registry] 
New type java.util.Vector<domain.Pronostikoa>

[2021-10-03 18:33:24 #6 type.registry] 
New type domain.Event

[2021-10-03 18:33:24 #7 type] 
Type domain.Pronostikoa is not enhanced.

[2021-10-03 18:33:24 #8 type.registry] 
New type domain.Apustua

[2021-10-03 18:33:24 #9 type.registry] 
New type java.util.Vector<domain.Apustua>

[2021-10-03 18:33:24 #10 type] 
Type domain.Event is not enhanced.

[2021-10-03 18:33:24 #11 type.registry] 
New type java.util.Vector<domain.Question>

[2021-10-03 18:33:24 #12 type] 
Type domain.Apustua is not enhanced.

[2021-10-03 18:33:24 #13 type.registry] 
New type domain.Pertsona

[2021-10-03 18:33:24 #14 type.registry] 
New type domain.Bezero

[2021-10-03 18:33:24 #15 type] 
Type domain.Pertsona is not enhanced.

[2021-10-03 18:33:24 #16 type] 
Type domain.Bezero is not enhanced.

[2021-10-03 18:33:24 #17 type.registry] 
New type domain.Kodea

[2021-10-03 18:33:24 #18 type.registry] 
New type java.util.Vector<domain.Kodea>

[2021-10-03 18:33:24 #19 type.registry] 
New type java.util.Vector<domain.Bezero>

[2021-10-03 18:33:24 #20 type.registry] 
New type domain.Mugimendua

[2021-10-03 18:33:24 #21 type.registry] 
New type java.util.Vector<domain.Mugimendua>

[2021-10-03 18:33:24 #22 type] 
Type domain.Kodea is not enhanced.

[2021-10-03 18:33:24 #23 type] 
Type domain.Mugimendua is not enhanced.

[2021-10-03 18:33:24 #24 type.registry] 
New type java.util.Vector<java.lang.Object>

------------------------------------------------------------------------------------------------------------------------

[2021-10-03 19:03:06 #1 store] 
Database 'C:\Users\Usuario\git\SI2\Bets21\src\main\resources\bets.temp' is opened by 9356@DESKTOP-NGL0TFB

[2021-10-03 19:03:07 #2 type.registry] 
New type domain.Question

[2021-10-03 19:03:07 #3 type] 
Type domain.Question is not enhanced.

[2021-10-03 19:03:07 #4 type.registry] 
New type domain.Pronostikoa

[2021-10-03 19:03:07 #5 type.registry] 
New type java.util.Vector<domain.Pronostikoa>

[2021-10-03 19:03:07 #6 type.registry] 
New type domain.Event

[2021-10-03 19:03:07 #7 type] 
Type domain.Pronostikoa is not enhanced.

[2021-10-03 19:03:07 #8 type.registry] 
New type domain.Apustua

[2021-10-03 19:03:07 #9 type.registry] 
New type java.util.Vector<domain.Apustua>

[2021-10-03 19:03:07 #10 type] 
Type domain.Event is not enhanced.

[2021-10-03 19:03:07 #11 type.registry] 
New type java.util.Vector<domain.Question>

[2021-10-03 19:03:07 #12 type] 
Type domain.Apustua is not enhanced.

[2021-10-03 19:03:07 #13 type.registry] 
New type domain.Pertsona

[2021-10-03 19:03:07 #14 type.registry] 
New type domain.Bezero

[2021-10-03 19:03:07 #15 type] 
Type domain.Pertsona is not enhanced.

[2021-10-03 19:03:07 #16 type] 
Type domain.Bezero is not enhanced.

[2021-10-03 19:03:07 #17 type.registry] 
New type domain.Kodea

[2021-10-03 19:03:07 #18 type.registry] 
New type java.util.Vector<domain.Kodea>

[2021-10-03 19:03:07 #19 type.registry] 
New type java.util.Vector<domain.Bezero>

[2021-10-03 19:03:07 #20 type.registry] 
New type domain.Mugimendua

[2021-10-03 19:03:07 #21 type.registry] 
New type java.util.Vector<domain.Mugimendua>

[2021-10-03 19:03:07 #22 type] 
Type domain.Kodea is not enhanced.

[2021-10-03 19:03:07 #23 type] 
Type domain.Mugimendua is not enhanced.

[2021-10-03 19:03:07 #24 type.registry] 
New type java.util.Vector<java.lang.Object>

------------------------------------------------------------------------------------------------------------------------

[2021-10-03 19:24:05 #1 store] 
Database 'C:\Users\Usuario\git\SI2\Bets21\src\main\resources\bets.temp' is opened by 6940@DESKTOP-NGL0TFB

------------------------------------------------------------------------------------------------------------------------

[2021-10-03 20:11:39 #1 store] 
Database 'C:\Users\Usuario\git\SI2\Bets21\src\main\resources\bets.temp' is opened by 11564@DESKTOP-NGL0TFB

[2021-10-03 20:11:39 #2 type.registry] 
New type domain.Pertsona

[2021-10-03 20:11:39 #3 type] 
Type domain.Pertsona is not enhanced.

[2021-10-03 20:11:40 #4 type.registry] 
New type domain.Bezero

[2021-10-03 20:11:40 #5 type] 
Type domain.Bezero is not enhanced.

[2021-10-03 20:11:40 #6 type.registry] 
New type domain.Kodea

[2021-10-03 20:11:40 #7 type.registry] 
New type java.util.Vector<domain.Kodea>

[2021-10-03 20:11:40 #8 type.registry] 
New type java.util.Vector<domain.Bezero>

[2021-10-03 20:11:40 #9 type.registry] 
New type domain.Apustua

[2021-10-03 20:11:40 #10 type.registry] 
New type java.util.Vector<domain.Apustua>

[2021-10-03 20:11:40 #11 type.registry] 
New type domain.Mugimendua

[2021-10-03 20:11:40 #12 type.registry] 
New type java.util.Vector<domain.Mugimendua>

[2021-10-03 20:11:40 #13 type] 
Type domain.Kodea is not enhanced.

[2021-10-03 20:11:40 #14 type] 
Type domain.Apustua is not enhanced.

[2021-10-03 20:11:40 #15 type.registry] 
New type domain.Pronostikoa

[2021-10-03 20:11:40 #16 type.registry] 
New type java.util.Vector<domain.Pronostikoa>

[2021-10-03 20:11:40 #17 type] 
Type domain.Mugimendua is not enhanced.

[2021-10-03 20:11:40 #18 type] 
Type domain.Pronostikoa is not enhanced.

[2021-10-03 20:11:40 #19 type.registry] 
New type domain.Question

[2021-10-03 20:11:40 #20 type] 
Type domain.Question is not enhanced.

[2021-10-03 20:11:40 #21 type.registry] 
New type domain.Event

[2021-10-03 20:11:40 #22 type] 
Type domain.Event is not enhanced.

[2021-10-03 20:11:40 #23 type.registry] 
New type java.util.Vector<domain.Question>

[2021-10-03 20:11:40 #24 type.registry] 
New type java.util.Vector<java.lang.Object>

------------------------------------------------------------------------------------------------------------------------

[2021-10-03 20:15:12 #1 store] 
Database 'C:\Users\Usuario\git\SI2\Bets21\src\main\resources\bets.temp' is opened by 13096@DESKTOP-NGL0TFB

[2021-10-03 20:15:13 #2 type.registry] 
New type domain.Question

[2021-10-03 20:15:13 #3 type] 
Type domain.Question is not enhanced.

[2021-10-03 20:15:13 #4 type.registry] 
New type domain.Pronostikoa

[2021-10-03 20:15:13 #5 type.registry] 
New type java.util.Vector<domain.Pronostikoa>

[2021-10-03 20:15:13 #6 type.registry] 
New type domain.Event

[2021-10-03 20:15:13 #7 type] 
Type domain.Pronostikoa is not enhanced.

[2021-10-03 20:15:13 #8 type.registry] 
New type domain.Apustua

[2021-10-03 20:15:13 #9 type.registry] 
New type java.util.Vector<domain.Apustua>

[2021-10-03 20:15:13 #10 type] 
Type domain.Event is not enhanced.

[2021-10-03 20:15:13 #11 type.registry] 
New type java.util.Vector<domain.Question>

[2021-10-03 20:15:13 #12 type] 
Type domain.Apustua is not enhanced.

[2021-10-03 20:15:13 #13 type.registry] 
New type domain.Pertsona

[2021-10-03 20:15:13 #14 type.registry] 
New type domain.Bezero

[2021-10-03 20:15:13 #15 type] 
Type domain.Pertsona is not enhanced.

[2021-10-03 20:15:13 #16 type] 
Type domain.Bezero is not enhanced.

[2021-10-03 20:15:13 #17 type.registry] 
New type domain.Kodea

[2021-10-03 20:15:13 #18 type.registry] 
New type java.util.Vector<domain.Kodea>

[2021-10-03 20:15:13 #19 type.registry] 
New type java.util.Vector<domain.Bezero>

[2021-10-03 20:15:13 #20 type.registry] 
New type domain.Mugimendua

[2021-10-03 20:15:13 #21 type.registry] 
New type java.util.Vector<domain.Mugimendua>

[2021-10-03 20:15:13 #22 type] 
Type domain.Kodea is not enhanced.

[2021-10-03 20:15:13 #23 type] 
Type domain.Mugimendua is not enhanced.

[2021-10-03 20:15:13 #24 type.registry] 
New type java.util.Vector<java.lang.Object>

------------------------------------------------------------------------------------------------------------------------

[2021-10-03 20:50:11 #1 store] 
Database 'C:\Users\USU\git\SI2\Bets21\src\main\resources\bets.temp' is opened by 10996@DESKTOP-JFS5NG3

[2021-10-03 20:50:11 #2 type.registry] 
New type domain.Event

[2021-10-03 20:50:11 #3 type] 
Type domain.Event is not enhanced.

[2021-10-03 20:50:11 #4 type.registry] 
New type domain.Question

[2021-10-03 20:50:11 #5 type.registry] 
New type java.util.Vector<domain.Question>

[2021-10-03 20:50:11 #6 type] 
Type domain.Question is not enhanced.

[2021-10-03 20:50:11 #7 type.registry] 
New type domain.Pronostikoa

[2021-10-03 20:50:11 #8 type.registry] 
New type java.util.Vector<domain.Pronostikoa>

[2021-10-03 20:50:11 #9 type] 
Type domain.Pronostikoa is not enhanced.

[2021-10-03 20:50:11 #10 type.registry] 
New type domain.Apustua

[2021-10-03 20:50:11 #11 type.registry] 
New type java.util.Vector<domain.Apustua>

[2021-10-03 20:50:11 #12 type] 
Type domain.Apustua is not enhanced.

[2021-10-03 20:50:12 #13 type.registry] 
New type domain.Pertsona

[2021-10-03 20:50:12 #14 type.registry] 
New type domain.Bezero

[2021-10-03 20:50:12 #15 type] 
Type domain.Pertsona is not enhanced.

[2021-10-03 20:50:12 #16 type] 
Type domain.Bezero is not enhanced.

[2021-10-03 20:50:12 #17 type.registry] 
New type domain.Kodea

[2021-10-03 20:50:12 #18 type.registry] 
New type java.util.Vector<domain.Kodea>

[2021-10-03 20:50:12 #19 type.registry] 
New type java.util.Vector<domain.Bezero>

[2021-10-03 20:50:12 #20 type.registry] 
New type domain.Mugimendua

[2021-10-03 20:50:12 #21 type.registry] 
New type java.util.Vector<domain.Mugimendua>

[2021-10-03 20:50:12 #22 type] 
Type domain.Kodea is not enhanced.

[2021-10-03 20:50:12 #23 type] 
Type domain.Mugimendua is not enhanced.

[2021-10-03 20:50:12 #24 type.registry] 
New type java.util.Vector<java.lang.Object>

------------------------------------------------------------------------------------------------------------------------

[2021-10-03 20:51:57 #1 store] 
Database 'C:\Users\USU\git\SI2\Bets21\src\main\resources\bets.temp' is opened by 6320@DESKTOP-JFS5NG3

[2021-10-03 20:51:58 #2 type.registry] 
New type domain.Event

[2021-10-03 20:51:58 #3 type] 
Type domain.Event is not enhanced.

[2021-10-03 20:51:58 #4 type.registry] 
New type domain.Question

[2021-10-03 20:51:58 #5 type.registry] 
New type java.util.Vector<domain.Question>

[2021-10-03 20:51:58 #6 type] 
Type domain.Question is not enhanced.

[2021-10-03 20:51:58 #7 type.registry] 
New type domain.Pronostikoa

[2021-10-03 20:51:58 #8 type.registry] 
New type java.util.Vector<domain.Pronostikoa>

[2021-10-03 20:51:58 #9 type] 
Type domain.Pronostikoa is not enhanced.

[2021-10-03 20:51:58 #10 type.registry] 
New type domain.Apustua

[2021-10-03 20:51:58 #11 type.registry] 
New type java.util.Vector<domain.Apustua>

[2021-10-03 20:51:58 #12 type] 
Type domain.Apustua is not enhanced.

[2021-10-03 20:51:58 #13 type.registry] 
New type domain.Pertsona

[2021-10-03 20:51:58 #14 type.registry] 
New type domain.Bezero

[2021-10-03 20:51:58 #15 type] 
Type domain.Pertsona is not enhanced.

[2021-10-03 20:51:58 #16 type] 
Type domain.Bezero is not enhanced.

[2021-10-03 20:51:58 #17 type.registry] 
New type domain.Kodea

[2021-10-03 20:51:58 #18 type.registry] 
New type java.util.Vector<domain.Kodea>

[2021-10-03 20:51:58 #19 type.registry] 
New type java.util.Vector<domain.Bezero>

[2021-10-03 20:51:58 #20 type.registry] 
New type domain.Mugimendua

[2021-10-03 20:51:58 #21 type.registry] 
New type java.util.Vector<domain.Mugimendua>

[2021-10-03 20:51:58 #22 type] 
Type domain.Kodea is not enhanced.

[2021-10-03 20:51:58 #23 type] 
Type domain.Mugimendua is not enhanced.

------------------------------------------------------------------------------------------------------------------------

[2021-10-03 20:59:21 #1 store] 
Database 'C:\Users\USU\git\SI2\Bets21\src\main\resources\bets.temp' has been recovered (tr. 1-3)

[2021-10-03 20:59:21 #2 store] 
Database 'C:\Users\USU\git\SI2\Bets21\src\main\resources\bets.temp' is opened by 13168@DESKTOP-JFS5NG3

[2021-10-03 20:59:22 #3 type] 
Type domain.Event is not enhanced.

[2021-10-03 20:59:22 #4 type] 
Type domain.Question is not enhanced.

[2021-10-03 20:59:22 #5 type] 
Type domain.Pronostikoa is not enhanced.

[2021-10-03 20:59:22 #6 type] 
Type domain.Apustua is not enhanced.

[2021-10-03 20:59:22 #7 type] 
Type domain.Pertsona is not enhanced.

[2021-10-03 20:59:22 #8 type] 
Type domain.Bezero is not enhanced.

[2021-10-03 20:59:22 #9 type] 
Type domain.Kodea is not enhanced.

[2021-10-03 20:59:22 #10 type] 
Type domain.Mugimendua is not enhanced.

------------------------------------------------------------------------------------------------------------------------

[2021-10-03 21:13:15 #1 store] 
Database 'C:\Users\USU\git\SI2\Bets21\src\main\resources\bets.temp' is opened by 13844@DESKTOP-JFS5NG3

[2021-10-03 21:13:16 #2 type] 
Type domain.Event is not enhanced.

[2021-10-03 21:13:16 #3 type] 
Type domain.Question is not enhanced.

[2021-10-03 21:13:16 #4 type] 
Type domain.Pronostikoa is not enhanced.

[2021-10-03 21:13:16 #5 type] 
Type domain.Apustua is not enhanced.

[2021-10-03 21:13:16 #6 type] 
Type domain.Pertsona is not enhanced.

[2021-10-03 21:13:16 #7 type] 
Type domain.Bezero is not enhanced.

[2021-10-03 21:13:16 #8 type] 
Type domain.Kodea is not enhanced.

[2021-10-03 21:13:16 #9 type] 
Type domain.Mugimendua is not enhanced.

------------------------------------------------------------------------------------------------------------------------

[2021-10-03 21:19:49 #1 store] 
Database 'C:\Users\USU\git\SI2\Bets21\src\main\resources\bets.temp' is opened by 1440@DESKTOP-JFS5NG3

[2021-10-03 21:19:49 #2 type.registry] 
New type domain.Event

[2021-10-03 21:19:49 #3 type] 
Type domain.Event is not enhanced.

[2021-10-03 21:19:49 #4 type.registry] 
New type domain.Question

[2021-10-03 21:19:49 #5 type.registry] 
New type java.util.Vector<domain.Question>

[2021-10-03 21:19:49 #6 type] 
Type domain.Question is not enhanced.

[2021-10-03 21:19:49 #7 type.registry] 
New type domain.Pronostikoa

[2021-10-03 21:19:49 #8 type.registry] 
New type java.util.Vector<domain.Pronostikoa>

[2021-10-03 21:19:49 #9 type] 
Type domain.Pronostikoa is not enhanced.

[2021-10-03 21:19:49 #10 type.registry] 
New type domain.Apustua

[2021-10-03 21:19:49 #11 type.registry] 
New type java.util.Vector<domain.Apustua>

[2021-10-03 21:19:49 #12 type] 
Type domain.Apustua is not enhanced.

[2021-10-03 21:19:49 #13 type.registry] 
New type domain.Pertsona

[2021-10-03 21:19:49 #14 type.registry] 
New type domain.Bezero

[2021-10-03 21:19:49 #15 type] 
Type domain.Pertsona is not enhanced.

[2021-10-03 21:19:49 #16 type] 
Type domain.Bezero is not enhanced.

[2021-10-03 21:19:49 #17 type.registry] 
New type domain.Kodea

[2021-10-03 21:19:49 #18 type.registry] 
New type java.util.Vector<domain.Kodea>

[2021-10-03 21:19:49 #19 type.registry] 
New type java.util.Vector<domain.Bezero>

[2021-10-03 21:19:49 #20 type.registry] 
New type domain.Mugimendua

[2021-10-03 21:19:49 #21 type.registry] 
New type java.util.Vector<domain.Mugimendua>

[2021-10-03 21:19:49 #22 type] 
Type domain.Kodea is not enhanced.

[2021-10-03 21:19:49 #23 type] 
Type domain.Mugimendua is not enhanced.

[2021-10-03 21:19:49 #24 type.registry] 
New type java.util.Vector<java.lang.Object>

------------------------------------------------------------------------------------------------------------------------

[2021-10-03 21:20:04 #1 store] 
Database 'C:\Users\USU\git\SI2\Bets21\src\main\resources\bets.temp' is opened by 10232@DESKTOP-JFS5NG3

[2021-10-03 21:20:04 #2 type.registry] 
New type domain.Event

[2021-10-03 21:20:04 #3 type] 
Type domain.Event is not enhanced.

[2021-10-03 21:20:04 #4 type.registry] 
New type domain.Question

[2021-10-03 21:20:04 #5 type.registry] 
New type java.util.Vector<domain.Question>

[2021-10-03 21:20:04 #6 type] 
Type domain.Question is not enhanced.

[2021-10-03 21:20:04 #7 type.registry] 
New type domain.Pronostikoa

[2021-10-03 21:20:04 #8 type.registry] 
New type java.util.Vector<domain.Pronostikoa>

[2021-10-03 21:20:04 #9 type] 
Type domain.Pronostikoa is not enhanced.

[2021-10-03 21:20:04 #10 type.registry] 
New type domain.Apustua

[2021-10-03 21:20:04 #11 type.registry] 
New type java.util.Vector<domain.Apustua>

[2021-10-03 21:20:04 #12 type] 
Type domain.Apustua is not enhanced.

[2021-10-03 21:20:04 #13 type.registry] 
New type domain.Pertsona

[2021-10-03 21:20:04 #14 type.registry] 
New type domain.Bezero

[2021-10-03 21:20:04 #15 type] 
Type domain.Pertsona is not enhanced.

[2021-10-03 21:20:04 #16 type] 
Type domain.Bezero is not enhanced.

[2021-10-03 21:20:04 #17 type.registry] 
New type domain.Kodea

[2021-10-03 21:20:04 #18 type.registry] 
New type java.util.Vector<domain.Kodea>

[2021-10-03 21:20:04 #19 type.registry] 
New type java.util.Vector<domain.Bezero>

[2021-10-03 21:20:04 #20 type.registry] 
New type domain.Mugimendua

[2021-10-03 21:20:04 #21 type.registry] 
New type java.util.Vector<domain.Mugimendua>

[2021-10-03 21:20:04 #22 type] 
Type domain.Kodea is not enhanced.

[2021-10-03 21:20:04 #23 type] 
Type domain.Mugimendua is not enhanced.

[2021-10-03 21:20:04 #24 type.registry] 
New type java.util.Vector<java.lang.Object>

------------------------------------------------------------------------------------------------------------------------

[2021-10-03 21:21:01 #1 store] 
Database 'C:\Users\USU\git\SI2\Bets21\src\main\resources\bets.temp' has been recovered (tr. 1-16)

[2021-10-03 21:21:01 #2 store] 
Database 'C:\Users\USU\git\SI2\Bets21\src\main\resources\bets.temp' is opened by 14260@DESKTOP-JFS5NG3

[2021-10-03 21:21:02 #3 type] 
Type domain.Event is not enhanced.

[2021-10-03 21:21:02 #4 type] 
Type domain.Question is not enhanced.

[2021-10-03 21:21:02 #5 type] 
Type domain.Pronostikoa is not enhanced.

[2021-10-03 21:21:02 #6 type] 
Type domain.Apustua is not enhanced.

[2021-10-03 21:21:02 #7 type] 
Type domain.Pertsona is not enhanced.

[2021-10-03 21:21:02 #8 type] 
Type domain.Bezero is not enhanced.

[2021-10-03 21:21:02 #9 type] 
Type domain.Kodea is not enhanced.

[2021-10-03 21:21:02 #10 type] 
Type domain.Mugimendua is not enhanced.

------------------------------------------------------------------------------------------------------------------------

[2021-10-03 21:21:37 #1 store] 
Database 'C:\Users\USU\git\SI2\Bets21\src\main\resources\bets.temp' is opened by 4756@DESKTOP-JFS5NG3

[2021-10-03 21:21:37 #2 type] 
Type domain.Event is not enhanced.

[2021-10-03 21:21:37 #3 type] 
Type domain.Question is not enhanced.

[2021-10-03 21:21:37 #4 type] 
Type domain.Pronostikoa is not enhanced.

[2021-10-03 21:21:37 #5 type] 
Type domain.Apustua is not enhanced.

[2021-10-03 21:21:37 #6 type] 
Type domain.Pertsona is not enhanced.

[2021-10-03 21:21:37 #7 type] 
Type domain.Bezero is not enhanced.

[2021-10-03 21:21:37 #8 type] 
Type domain.Kodea is not enhanced.

[2021-10-03 21:21:37 #9 type] 
Type domain.Mugimendua is not enhanced.

------------------------------------------------------------------------------------------------------------------------

[2021-10-03 21:39:24 #1 store] 
Database 'C:\Users\Usuario\git\SI2\Bets21\src\main\resources\bets.temp' is opened by 13480@DESKTOP-NGL0TFB

[2021-10-03 21:39:24 #2 type.registry] 
New type domain.Event

[2021-10-03 21:39:24 #3 type] 
Type domain.Event is not enhanced.

[2021-10-03 21:39:24 #4 type.registry] 
New type domain.Question

[2021-10-03 21:39:25 #5 type.registry] 
New type java.util.Vector<domain.Question>

[2021-10-03 21:39:25 #6 type] 
Type domain.Question is not enhanced.

[2021-10-03 21:39:25 #7 type.registry] 
New type domain.Pronostikoa

[2021-10-03 21:39:25 #8 type.registry] 
New type java.util.Vector<domain.Pronostikoa>

[2021-10-03 21:39:25 #9 type] 
Type domain.Pronostikoa is not enhanced.

[2021-10-03 21:39:25 #10 type.registry] 
New type domain.Apustua

[2021-10-03 21:39:25 #11 type.registry] 
New type java.util.Vector<domain.Apustua>

[2021-10-03 21:39:25 #12 type] 
Type domain.Apustua is not enhanced.

[2021-10-03 21:39:25 #13 type.registry] 
New type domain.Pertsona

[2021-10-03 21:39:25 #14 type.registry] 
New type domain.Bezero

[2021-10-03 21:39:25 #15 type] 
Type domain.Pertsona is not enhanced.

[2021-10-03 21:39:25 #16 type] 
Type domain.Bezero is not enhanced.

[2021-10-03 21:39:25 #17 type.registry] 
New type domain.Kodea

[2021-10-03 21:39:25 #18 type.registry] 
New type java.util.Vector<domain.Kodea>

[2021-10-03 21:39:25 #19 type.registry] 
New type java.util.Vector<domain.Bezero>

[2021-10-03 21:39:25 #20 type.registry] 
New type domain.Mugimendua

[2021-10-03 21:39:25 #21 type.registry] 
New type java.util.Vector<domain.Mugimendua>

[2021-10-03 21:39:25 #22 type] 
Type domain.Kodea is not enhanced.

[2021-10-03 21:39:25 #23 type] 
Type domain.Mugimendua is not enhanced.

[2021-10-03 21:39:25 #24 type.registry] 
New type java.util.Vector<java.lang.Object>

[2021-10-03 21:39:27 #25 type.registry] 
New type domain.Admin

[2021-10-03 21:39:27 #26 type] 
Type domain.Admin is not enhanced.

[2021-10-03 21:39:27 #27 type.registry] 
New type domain.Langilea

[2021-10-03 21:39:27 #28 type] 
Type domain.Langilea is not enhanced.

------------------------------------------------------------------------------------------------------------------------

[2021-10-03 21:47:08 #1 store] 
Database 'C:\Users\Usuario\git\SI2\Bets21\src\main\resources\bets.temp' has been recovered (tr. 1-86)

[2021-10-03 21:47:08 #2 store] 
Database 'C:\Users\Usuario\git\SI2\Bets21\src\main\resources\bets.temp' is opened by 12836@DESKTOP-NGL0TFB

[2021-10-03 21:47:08 #3 type] 
Type domain.Event is not enhanced.

[2021-10-03 21:47:08 #4 type] 
Type domain.Question is not enhanced.

[2021-10-03 21:47:08 #5 type] 
Type domain.Pronostikoa is not enhanced.

[2021-10-03 21:47:08 #6 type] 
Type domain.Apustua is not enhanced.

[2021-10-03 21:47:08 #7 type] 
Type domain.Pertsona is not enhanced.

[2021-10-03 21:47:08 #8 type] 
Type domain.Bezero is not enhanced.

[2021-10-03 21:47:08 #9 type] 
Type domain.Kodea is not enhanced.

[2021-10-03 21:47:08 #10 type] 
Type domain.Mugimendua is not enhanced.

[2021-10-03 21:47:08 #11 type] 
Type domain.Admin is not enhanced.

[2021-10-03 21:47:08 #12 type] 
Type domain.Langilea is not enhanced.

------------------------------------------------------------------------------------------------------------------------

[2021-10-03 22:04:57 #1 store] 
Database 'C:\Users\Usuario\git\SI2\Bets21\src\main\resources\bets.temp' is opened by 12604@DESKTOP-NGL0TFB

[2021-10-03 22:04:57 #2 type] 
Type domain.Event is not enhanced.

[2021-10-03 22:04:57 #3 type] 
Type domain.Question is not enhanced.

[2021-10-03 22:04:57 #4 type] 
Type domain.Pronostikoa is not enhanced.

[2021-10-03 22:04:57 #5 type] 
Type domain.Apustua is not enhanced.

[2021-10-03 22:04:57 #6 type] 
Type domain.Pertsona is not enhanced.

[2021-10-03 22:04:57 #7 type] 
Type domain.Bezero is not enhanced.

[2021-10-03 22:04:57 #8 type] 
Type domain.Kodea is not enhanced.

[2021-10-03 22:04:57 #9 type] 
Type domain.Mugimendua is not enhanced.

[2021-10-03 22:04:57 #10 type] 
Type domain.Admin is not enhanced.

[2021-10-03 22:04:57 #11 type] 
Type domain.Langilea is not enhanced.

------------------------------------------------------------------------------------------------------------------------

[2021-10-03 22:13:13 #1 store] 
Database 'C:\Users\Usuario\git\SI2\Bets21\src\main\resources\bets.temp' is opened by 13708@DESKTOP-NGL0TFB

[2021-10-03 22:13:13 #2 type] 
Type domain.Event is not enhanced.

[2021-10-03 22:13:13 #3 type] 
Type domain.Question is not enhanced.

[2021-10-03 22:13:13 #4 type] 
Type domain.Pronostikoa is not enhanced.

[2021-10-03 22:13:13 #5 type] 
Type domain.Apustua is not enhanced.

[2021-10-03 22:13:13 #6 type] 
Type domain.Pertsona is not enhanced.

[2021-10-03 22:13:13 #7 type] 
Type domain.Bezero is not enhanced.

[2021-10-03 22:13:13 #8 type] 
Type domain.Kodea is not enhanced.

[2021-10-03 22:13:13 #9 type] 
Type domain.Mugimendua is not enhanced.

[2021-10-03 22:13:13 #10 type] 
Type domain.Admin is not enhanced.

[2021-10-03 22:13:14 #11 type] 
Type domain.Langilea is not enhanced.

------------------------------------------------------------------------------------------------------------------------

[2021-10-03 22:27:17 #1 store] 
Database 'C:\Users\Usuario\git\SI2\Bets21\src\main\resources\bets.temp' is opened by 7824@DESKTOP-NGL0TFB

[2021-10-03 22:27:17 #2 type] 
Type domain.Event is not enhanced.

[2021-10-03 22:27:17 #3 type] 
Type domain.Question is not enhanced.

[2021-10-03 22:27:17 #4 type] 
Type domain.Pronostikoa is not enhanced.

[2021-10-03 22:27:17 #5 type] 
Type domain.Apustua is not enhanced.

[2021-10-03 22:27:17 #6 type] 
Type domain.Pertsona is not enhanced.

[2021-10-03 22:27:17 #7 type] 
Type domain.Bezero is not enhanced.

[2021-10-03 22:27:17 #8 type] 
Type domain.Kodea is not enhanced.

[2021-10-03 22:27:17 #9 type] 
Type domain.Mugimendua is not enhanced.

[2021-10-03 22:27:17 #10 type] 
Type domain.Admin is not enhanced.

[2021-10-03 22:27:17 #11 type] 
Type domain.Langilea is not enhanced.

------------------------------------------------------------------------------------------------------------------------

[2021-10-03 22:29:25 #1 store] 
Database 'C:\Users\Usuario\git\SI2\Bets21\src\main\resources\bets.temp' is opened by 3920@DESKTOP-NGL0TFB

[2021-10-03 22:29:25 #2 type] 
Type domain.Event is not enhanced.

[2021-10-03 22:29:25 #3 type] 
Type domain.Question is not enhanced.

[2021-10-03 22:29:25 #4 type] 
Type domain.Pronostikoa is not enhanced.

[2021-10-03 22:29:25 #5 type] 
Type domain.Apustua is not enhanced.

[2021-10-03 22:29:25 #6 type] 
Type domain.Pertsona is not enhanced.

[2021-10-03 22:29:25 #7 type] 
Type domain.Bezero is not enhanced.

[2021-10-03 22:29:25 #8 type] 
Type domain.Kodea is not enhanced.

[2021-10-03 22:29:25 #9 type] 
Type domain.Mugimendua is not enhanced.

[2021-10-03 22:29:25 #10 type] 
Type domain.Admin is not enhanced.

[2021-10-03 22:29:25 #11 type] 
Type domain.Langilea is not enhanced.

------------------------------------------------------------------------------------------------------------------------

[2021-10-03 22:31:09 #1 store] 
Database 'C:\Users\Usuario\git\SI2\Bets21\src\main\resources\bets.temp' is opened by 11928@DESKTOP-NGL0TFB

[2021-10-03 22:31:09 #2 type] 
Type domain.Event is not enhanced.

[2021-10-03 22:31:09 #3 type] 
Type domain.Question is not enhanced.

[2021-10-03 22:31:09 #4 type] 
Type domain.Pronostikoa is not enhanced.

[2021-10-03 22:31:09 #5 type] 
Type domain.Apustua is not enhanced.

[2021-10-03 22:31:09 #6 type] 
Type domain.Pertsona is not enhanced.

[2021-10-03 22:31:09 #7 type] 
Type domain.Bezero is not enhanced.

[2021-10-03 22:31:09 #8 type] 
Type domain.Kodea is not enhanced.

[2021-10-03 22:31:09 #9 type] 
Type domain.Mugimendua is not enhanced.

[2021-10-03 22:31:09 #10 type] 
Type domain.Admin is not enhanced.

[2021-10-03 22:31:09 #11 type] 
Type domain.Langilea is not enhanced.

------------------------------------------------------------------------------------------------------------------------

[2021-10-03 22:33:59 #1 store] 
Database 'C:\Users\Usuario\git\SI2\Bets21\src\main\resources\bets.temp' is opened by 4524@DESKTOP-NGL0TFB

[2021-10-03 22:33:59 #2 type] 
Type domain.Event is not enhanced.

[2021-10-03 22:33:59 #3 type] 
Type domain.Question is not enhanced.

[2021-10-03 22:33:59 #4 type] 
Type domain.Pronostikoa is not enhanced.

[2021-10-03 22:33:59 #5 type] 
Type domain.Apustua is not enhanced.

[2021-10-03 22:33:59 #6 type] 
Type domain.Pertsona is not enhanced.

[2021-10-03 22:33:59 #7 type] 
Type domain.Bezero is not enhanced.

[2021-10-03 22:33:59 #8 type] 
Type domain.Kodea is not enhanced.

[2021-10-03 22:33:59 #9 type] 
Type domain.Mugimendua is not enhanced.

[2021-10-03 22:33:59 #10 type] 
Type domain.Admin is not enhanced.

[2021-10-03 22:33:59 #11 type] 
Type domain.Langilea is not enhanced.

------------------------------------------------------------------------------------------------------------------------

[2021-10-03 22:34:39 #1 store] 
Database 'C:\Users\Usuario\git\SI2\Bets21\src\main\resources\bets.temp' is opened by 10468@DESKTOP-NGL0TFB

[2021-10-03 22:34:39 #2 type] 
Type domain.Event is not enhanced.

[2021-10-03 22:34:39 #3 type] 
Type domain.Question is not enhanced.

[2021-10-03 22:34:39 #4 type] 
Type domain.Pronostikoa is not enhanced.

[2021-10-03 22:34:39 #5 type] 
Type domain.Apustua is not enhanced.

[2021-10-03 22:34:39 #6 type] 
Type domain.Pertsona is not enhanced.

[2021-10-03 22:34:39 #7 type] 
Type domain.Bezero is not enhanced.

[2021-10-03 22:34:39 #8 type] 
Type domain.Kodea is not enhanced.

[2021-10-03 22:34:39 #9 type] 
Type domain.Mugimendua is not enhanced.

[2021-10-03 22:34:39 #10 type] 
Type domain.Admin is not enhanced.

[2021-10-03 22:34:39 #11 type] 
Type domain.Langilea is not enhanced.

------------------------------------------------------------------------------------------------------------------------

[2021-10-03 22:36:55 #1 store] 
Database 'C:\Users\Usuario\git\SI2\Bets21\src\main\resources\bets.temp' is opened by 3640@DESKTOP-NGL0TFB

[2021-10-03 22:36:55 #2 type] 
Type domain.Event is not enhanced.

[2021-10-03 22:36:55 #3 type] 
Type domain.Question is not enhanced.

[2021-10-03 22:36:55 #4 type] 
Type domain.Pronostikoa is not enhanced.

[2021-10-03 22:36:55 #5 type] 
Type domain.Apustua is not enhanced.

[2021-10-03 22:36:55 #6 type] 
Type domain.Pertsona is not enhanced.

[2021-10-03 22:36:55 #7 type] 
Type domain.Bezero is not enhanced.

[2021-10-03 22:36:55 #8 type] 
Type domain.Kodea is not enhanced.

[2021-10-03 22:36:55 #9 type] 
Type domain.Mugimendua is not enhanced.

[2021-10-03 22:36:55 #10 type] 
Type domain.Admin is not enhanced.

[2021-10-03 22:36:55 #11 type] 
Type domain.Langilea is not enhanced.

------------------------------------------------------------------------------------------------------------------------

[2021-10-03 22:39:38 #1 store] 
Database 'C:\Users\Usuario\git\SI2\Bets21\src\main\resources\bets.temp' is opened by 12024@DESKTOP-NGL0TFB

[2021-10-03 22:39:38 #2 type] 
Type domain.Event is not enhanced.

[2021-10-03 22:39:38 #3 type] 
Type domain.Question is not enhanced.

[2021-10-03 22:39:38 #4 type] 
Type domain.Pronostikoa is not enhanced.

[2021-10-03 22:39:38 #5 type] 
Type domain.Apustua is not enhanced.

[2021-10-03 22:39:38 #6 type] 
Type domain.Pertsona is not enhanced.

[2021-10-03 22:39:38 #7 type] 
Type domain.Bezero is not enhanced.

[2021-10-03 22:39:38 #8 type] 
Type domain.Kodea is not enhanced.

[2021-10-03 22:39:38 #9 type] 
Type domain.Mugimendua is not enhanced.

[2021-10-03 22:39:38 #10 type] 
Type domain.Admin is not enhanced.

[2021-10-03 22:39:38 #11 type] 
Type domain.Langilea is not enhanced.

------------------------------------------------------------------------------------------------------------------------

[2021-10-03 22:40:15 #1 store] 
Database 'C:\Users\Usuario\git\SI2\Bets21\src\main\resources\bets.temp' is opened by 1228@DESKTOP-NGL0TFB

[2021-10-03 22:40:15 #2 type] 
Type domain.Event is not enhanced.

[2021-10-03 22:40:15 #3 type] 
Type domain.Question is not enhanced.

[2021-10-03 22:40:15 #4 type] 
Type domain.Pronostikoa is not enhanced.

[2021-10-03 22:40:15 #5 type] 
Type domain.Apustua is not enhanced.

[2021-10-03 22:40:15 #6 type] 
Type domain.Pertsona is not enhanced.

[2021-10-03 22:40:15 #7 type] 
Type domain.Bezero is not enhanced.

[2021-10-03 22:40:15 #8 type] 
Type domain.Kodea is not enhanced.

[2021-10-03 22:40:15 #9 type] 
Type domain.Mugimendua is not enhanced.

[2021-10-03 22:40:15 #10 type] 
Type domain.Admin is not enhanced.

[2021-10-03 22:40:15 #11 type] 
Type domain.Langilea is not enhanced.

------------------------------------------------------------------------------------------------------------------------

[2021-10-03 22:45:53 #1 store] 
Database 'C:\Users\Usuario\git\SI2\Bets21\src\main\resources\bets.temp' is opened by 1208@DESKTOP-NGL0TFB

[2021-10-03 22:45:53 #2 type.registry] 
New type domain.Event

[2021-10-03 22:45:53 #3 type] 
Type domain.Event is not enhanced.

[2021-10-03 22:45:53 #4 type.registry] 
New type domain.Question

[2021-10-03 22:45:53 #5 type.registry] 
New type java.util.Vector<domain.Question>

[2021-10-03 22:45:53 #6 type] 
Type domain.Question is not enhanced.

[2021-10-03 22:45:53 #7 type.registry] 
New type domain.Pronostikoa

[2021-10-03 22:45:53 #8 type.registry] 
New type java.util.Vector<domain.Pronostikoa>

[2021-10-03 22:45:53 #9 type] 
Type domain.Pronostikoa is not enhanced.

[2021-10-03 22:45:53 #10 type.registry] 
New type domain.Apustua

[2021-10-03 22:45:53 #11 type.registry] 
New type java.util.Vector<domain.Apustua>

[2021-10-03 22:45:53 #12 type] 
Type domain.Apustua is not enhanced.

[2021-10-03 22:45:53 #13 type.registry] 
New type domain.Pertsona

[2021-10-03 22:45:53 #14 type.registry] 
New type domain.Bezero

[2021-10-03 22:45:53 #15 type] 
Type domain.Pertsona is not enhanced.

[2021-10-03 22:45:53 #16 type] 
Type domain.Bezero is not enhanced.

[2021-10-03 22:45:53 #17 type.registry] 
New type domain.Kodea

[2021-10-03 22:45:53 #18 type.registry] 
New type java.util.Vector<domain.Kodea>

[2021-10-03 22:45:53 #19 type.registry] 
New type java.util.Vector<domain.Bezero>

[2021-10-03 22:45:53 #20 type.registry] 
New type domain.Mugimendua

[2021-10-03 22:45:53 #21 type.registry] 
New type java.util.Vector<domain.Mugimendua>

[2021-10-03 22:45:53 #22 type] 
Type domain.Kodea is not enhanced.

[2021-10-03 22:45:53 #23 type] 
Type domain.Mugimendua is not enhanced.

[2021-10-03 22:45:53 #24 type.registry] 
New type java.util.Vector<java.lang.Object>

------------------------------------------------------------------------------------------------------------------------

[2021-10-03 22:51:14 #1 store] 
Database 'C:\Users\Usuario\git\SI2\Bets21\src\main\resources\bets.temp' is opened by 1208@DESKTOP-NGL0TFB

[2021-10-03 22:51:14 #2 type.registry] 
New type domain.Pertsona

[2021-10-03 22:51:14 #3 type] 
Type domain.Pertsona is not enhanced.

[2021-10-03 22:51:14 #4 type.registry] 
New type domain.Bezero

[2021-10-03 22:51:14 #5 type] 
Type domain.Bezero is not enhanced.

[2021-10-03 22:51:14 #6 type.registry] 
New type domain.Kodea

[2021-10-03 22:51:14 #7 type.registry] 
New type java.util.Vector<domain.Kodea>

[2021-10-03 22:51:14 #8 type.registry] 
New type java.util.Vector<domain.Bezero>

[2021-10-03 22:51:14 #9 type.registry] 
New type domain.Apustua

[2021-10-03 22:51:14 #10 type.registry] 
New type java.util.Vector<domain.Apustua>

[2021-10-03 22:51:14 #11 type.registry] 
New type domain.Mugimendua

[2021-10-03 22:51:14 #12 type.registry] 
New type java.util.Vector<domain.Mugimendua>

[2021-10-03 22:51:14 #13 type] 
Type domain.Kodea is not enhanced.

[2021-10-03 22:51:14 #14 type] 
Type domain.Apustua is not enhanced.

[2021-10-03 22:51:14 #15 type.registry] 
New type domain.Pronostikoa

[2021-10-03 22:51:14 #16 type.registry] 
New type java.util.Vector<domain.Pronostikoa>

[2021-10-03 22:51:14 #17 type] 
Type domain.Mugimendua is not enhanced.

[2021-10-03 22:51:14 #18 type] 
Type domain.Pronostikoa is not enhanced.

[2021-10-03 22:51:14 #19 type.registry] 
New type domain.Question

[2021-10-03 22:51:14 #20 type] 
Type domain.Question is not enhanced.

[2021-10-03 22:51:14 #21 type.registry] 
New type domain.Event

[2021-10-03 22:51:14 #22 type] 
Type domain.Event is not enhanced.

[2021-10-03 22:51:14 #23 type.registry] 
New type java.util.Vector<domain.Question>

[2021-10-03 22:51:14 #24 type.registry] 
New type java.util.Vector<java.lang.Object>

------------------------------------------------------------------------------------------------------------------------

[2021-10-03 22:51:22 #1 store] 
Database 'C:\Users\Usuario\git\SI2\Bets21\src\main\resources\bets.temp' is opened by 3232@DESKTOP-NGL0TFB

[2021-10-03 22:51:22 #2 type.registry] 
New type domain.Event

[2021-10-03 22:51:22 #3 type] 
Type domain.Event is not enhanced.

[2021-10-03 22:51:22 #4 type.registry] 
New type domain.Question

[2021-10-03 22:51:22 #5 type.registry] 
New type java.util.Vector<domain.Question>

[2021-10-03 22:51:22 #6 type] 
Type domain.Question is not enhanced.

[2021-10-03 22:51:22 #7 type.registry] 
New type domain.Pronostikoa

[2021-10-03 22:51:22 #8 type.registry] 
New type java.util.Vector<domain.Pronostikoa>

[2021-10-03 22:51:22 #9 type] 
Type domain.Pronostikoa is not enhanced.

[2021-10-03 22:51:22 #10 type.registry] 
New type domain.Apustua

[2021-10-03 22:51:22 #11 type.registry] 
New type java.util.Vector<domain.Apustua>

[2021-10-03 22:51:22 #12 type] 
Type domain.Apustua is not enhanced.

[2021-10-03 22:51:22 #13 type.registry] 
New type domain.Pertsona

[2021-10-03 22:51:22 #14 type.registry] 
New type domain.Bezero

[2021-10-03 22:51:22 #15 type] 
Type domain.Pertsona is not enhanced.

[2021-10-03 22:51:22 #16 type] 
Type domain.Bezero is not enhanced.

[2021-10-03 22:51:22 #17 type.registry] 
New type domain.Kodea

[2021-10-03 22:51:22 #18 type.registry] 
New type java.util.Vector<domain.Kodea>

[2021-10-03 22:51:22 #19 type.registry] 
New type java.util.Vector<domain.Bezero>

[2021-10-03 22:51:22 #20 type.registry] 
New type domain.Mugimendua

[2021-10-03 22:51:22 #21 type.registry] 
New type java.util.Vector<domain.Mugimendua>

[2021-10-03 22:51:22 #22 type] 
Type domain.Kodea is not enhanced.

[2021-10-03 22:51:22 #23 type] 
Type domain.Mugimendua is not enhanced.

[2021-10-03 22:51:23 #24 type.registry] 
New type java.util.Vector<java.lang.Object>

------------------------------------------------------------------------------------------------------------------------

[2021-10-03 22:51:52 #1 store] 
Database 'C:\Users\Usuario\git\SI2\Bets21\src\main\resources\bets.temp' is opened by 3876@DESKTOP-NGL0TFB

[2021-10-03 22:51:53 #2 type.registry] 
New type domain.Event

[2021-10-03 22:51:53 #3 type] 
Type domain.Event is not enhanced.

[2021-10-03 22:51:53 #4 type.registry] 
New type domain.Question

[2021-10-03 22:51:53 #5 type.registry] 
New type java.util.Vector<domain.Question>

[2021-10-03 22:51:53 #6 type] 
Type domain.Question is not enhanced.

[2021-10-03 22:51:53 #7 type.registry] 
New type domain.Pronostikoa

[2021-10-03 22:51:53 #8 type.registry] 
New type java.util.Vector<domain.Pronostikoa>

[2021-10-03 22:51:53 #9 type] 
Type domain.Pronostikoa is not enhanced.

[2021-10-03 22:51:53 #10 type.registry] 
New type domain.Apustua

[2021-10-03 22:51:53 #11 type.registry] 
New type java.util.Vector<domain.Apustua>

[2021-10-03 22:51:53 #12 type] 
Type domain.Apustua is not enhanced.

[2021-10-03 22:51:53 #13 type.registry] 
New type domain.Pertsona

[2021-10-03 22:51:53 #14 type.registry] 
New type domain.Bezero

[2021-10-03 22:51:53 #15 type] 
Type domain.Pertsona is not enhanced.

[2021-10-03 22:51:53 #16 type] 
Type domain.Bezero is not enhanced.

[2021-10-03 22:51:53 #17 type.registry] 
New type domain.Kodea

[2021-10-03 22:51:53 #18 type.registry] 
New type java.util.Vector<domain.Kodea>

[2021-10-03 22:51:53 #19 type.registry] 
New type java.util.Vector<domain.Bezero>

[2021-10-03 22:51:53 #20 type.registry] 
New type domain.Mugimendua

[2021-10-03 22:51:53 #21 type.registry] 
New type java.util.Vector<domain.Mugimendua>

[2021-10-03 22:51:53 #22 type] 
Type domain.Kodea is not enhanced.

[2021-10-03 22:51:53 #23 type] 
Type domain.Mugimendua is not enhanced.

[2021-10-03 22:51:53 #24 type.registry] 
New type java.util.Vector<java.lang.Object>

------------------------------------------------------------------------------------------------------------------------

[2021-10-03 22:53:00 #1 store] 
Database 'C:\Users\Usuario\git\SI2\Bets21\src\main\resources\bets.temp' is opened by 11744@DESKTOP-NGL0TFB

[2021-10-03 22:53:00 #2 type.registry] 
New type domain.Event

[2021-10-03 22:53:00 #3 type] 
Type domain.Event is not enhanced.

[2021-10-03 22:53:00 #4 type.registry] 
New type domain.Question

[2021-10-03 22:53:00 #5 type.registry] 
New type java.util.Vector<domain.Question>

[2021-10-03 22:53:00 #6 type] 
Type domain.Question is not enhanced.

[2021-10-03 22:53:00 #7 type.registry] 
New type domain.Pronostikoa

[2021-10-03 22:53:00 #8 type.registry] 
New type java.util.Vector<domain.Pronostikoa>

[2021-10-03 22:53:00 #9 type] 
Type domain.Pronostikoa is not enhanced.

[2021-10-03 22:53:00 #10 type.registry] 
New type domain.Apustua

[2021-10-03 22:53:00 #11 type.registry] 
New type java.util.Vector<domain.Apustua>

[2021-10-03 22:53:00 #12 type] 
Type domain.Apustua is not enhanced.

[2021-10-03 22:53:00 #13 type.registry] 
New type domain.Pertsona

[2021-10-03 22:53:00 #14 type.registry] 
New type domain.Bezero

[2021-10-03 22:53:00 #15 type] 
Type domain.Pertsona is not enhanced.

[2021-10-03 22:53:00 #16 type] 
Type domain.Bezero is not enhanced.

[2021-10-03 22:53:00 #17 type.registry] 
New type domain.Kodea

[2021-10-03 22:53:00 #18 type.registry] 
New type java.util.Vector<domain.Kodea>

[2021-10-03 22:53:00 #19 type.registry] 
New type java.util.Vector<domain.Bezero>

[2021-10-03 22:53:00 #20 type.registry] 
New type domain.Mugimendua

[2021-10-03 22:53:00 #21 type.registry] 
New type java.util.Vector<domain.Mugimendua>

[2021-10-03 22:53:00 #22 type] 
Type domain.Kodea is not enhanced.

[2021-10-03 22:53:00 #23 type] 
Type domain.Mugimendua is not enhanced.

[2021-10-03 22:53:00 #24 type.registry] 
New type java.util.Vector<java.lang.Object>

------------------------------------------------------------------------------------------------------------------------

[2021-10-03 22:54:41 #1 store] 
Database 'C:\Users\Usuario\git\SI2\Bets21\src\main\resources\bets.temp' is opened by 12624@DESKTOP-NGL0TFB

[2021-10-03 22:54:41 #2 type.registry] 
New type domain.Event

[2021-10-03 22:54:41 #3 type] 
Type domain.Event is not enhanced.

[2021-10-03 22:54:41 #4 type.registry] 
New type domain.Question

[2021-10-03 22:54:41 #5 type.registry] 
New type java.util.Vector<domain.Question>

[2021-10-03 22:54:41 #6 type] 
Type domain.Question is not enhanced.

[2021-10-03 22:54:41 #7 type.registry] 
New type domain.Pronostikoa

[2021-10-03 22:54:41 #8 type.registry] 
New type java.util.Vector<domain.Pronostikoa>

[2021-10-03 22:54:41 #9 type] 
Type domain.Pronostikoa is not enhanced.

[2021-10-03 22:54:41 #10 type.registry] 
New type domain.Apustua

[2021-10-03 22:54:41 #11 type.registry] 
New type java.util.Vector<domain.Apustua>

[2021-10-03 22:54:41 #12 type] 
Type domain.Apustua is not enhanced.

[2021-10-03 22:54:41 #13 type.registry] 
New type domain.Pertsona

[2021-10-03 22:54:41 #14 type.registry] 
New type domain.Bezero

[2021-10-03 22:54:41 #15 type] 
Type domain.Pertsona is not enhanced.

[2021-10-03 22:54:41 #16 type] 
Type domain.Bezero is not enhanced.

[2021-10-03 22:54:41 #17 type.registry] 
New type domain.Kodea

[2021-10-03 22:54:41 #18 type.registry] 
New type java.util.Vector<domain.Kodea>

[2021-10-03 22:54:41 #19 type.registry] 
New type java.util.Vector<domain.Bezero>

[2021-10-03 22:54:41 #20 type.registry] 
New type domain.Mugimendua

[2021-10-03 22:54:41 #21 type.registry] 
New type java.util.Vector<domain.Mugimendua>

[2021-10-03 22:54:41 #22 type] 
Type domain.Kodea is not enhanced.

[2021-10-03 22:54:41 #23 type] 
Type domain.Mugimendua is not enhanced.

[2021-10-03 22:54:41 #24 type.registry] 
New type java.util.Vector<java.lang.Object>

------------------------------------------------------------------------------------------------------------------------

[2021-10-03 22:54:58 #1 store] 
Database 'C:\Users\Usuario\git\SI2\Bets21\src\main\resources\bets.temp' is opened by 1692@DESKTOP-NGL0TFB

[2021-10-03 22:54:58 #2 type.registry] 
New type domain.Event

[2021-10-03 22:54:58 #3 type] 
Type domain.Event is not enhanced.

[2021-10-03 22:54:58 #4 type.registry] 
New type domain.Question

[2021-10-03 22:54:58 #5 type.registry] 
New type java.util.Vector<domain.Question>

[2021-10-03 22:54:58 #6 type] 
Type domain.Question is not enhanced.

[2021-10-03 22:54:58 #7 type.registry] 
New type domain.Pronostikoa

[2021-10-03 22:54:58 #8 type.registry] 
New type java.util.Vector<domain.Pronostikoa>

[2021-10-03 22:54:58 #9 type] 
Type domain.Pronostikoa is not enhanced.

[2021-10-03 22:54:58 #10 type.registry] 
New type domain.Apustua

[2021-10-03 22:54:58 #11 type.registry] 
New type java.util.Vector<domain.Apustua>

[2021-10-03 22:54:58 #12 type] 
Type domain.Apustua is not enhanced.

[2021-10-03 22:54:58 #13 type.registry] 
New type domain.Pertsona

[2021-10-03 22:54:58 #14 type.registry] 
New type domain.Bezero

[2021-10-03 22:54:58 #15 type] 
Type domain.Pertsona is not enhanced.

[2021-10-03 22:54:58 #16 type] 
Type domain.Bezero is not enhanced.

[2021-10-03 22:54:58 #17 type.registry] 
New type domain.Kodea

[2021-10-03 22:54:58 #18 type.registry] 
New type java.util.Vector<domain.Kodea>

[2021-10-03 22:54:58 #19 type.registry] 
New type java.util.Vector<domain.Bezero>

[2021-10-03 22:54:58 #20 type.registry] 
New type domain.Mugimendua

[2021-10-03 22:54:58 #21 type.registry] 
New type java.util.Vector<domain.Mugimendua>

[2021-10-03 22:54:58 #22 type] 
Type domain.Kodea is not enhanced.

[2021-10-03 22:54:58 #23 type] 
Type domain.Mugimendua is not enhanced.

[2021-10-03 22:54:58 #24 type.registry] 
New type java.util.Vector<java.lang.Object>

------------------------------------------------------------------------------------------------------------------------

[2021-10-03 22:55:19 #1 store] 
Database 'C:\Users\Usuario\git\SI2\Bets21\src\main\resources\bets.temp' is opened by 12316@DESKTOP-NGL0TFB

[2021-10-03 22:55:19 #2 type.registry] 
New type domain.Event

[2021-10-03 22:55:19 #3 type] 
Type domain.Event is not enhanced.

[2021-10-03 22:55:19 #4 type.registry] 
New type domain.Question

[2021-10-03 22:55:19 #5 type.registry] 
New type java.util.Vector<domain.Question>

[2021-10-03 22:55:19 #6 type] 
Type domain.Question is not enhanced.

[2021-10-03 22:55:19 #7 type.registry] 
New type domain.Pronostikoa

[2021-10-03 22:55:19 #8 type.registry] 
New type java.util.Vector<domain.Pronostikoa>

[2021-10-03 22:55:19 #9 type] 
Type domain.Pronostikoa is not enhanced.

[2021-10-03 22:55:19 #10 type.registry] 
New type domain.Apustua

[2021-10-03 22:55:19 #11 type.registry] 
New type java.util.Vector<domain.Apustua>

[2021-10-03 22:55:19 #12 type] 
Type domain.Apustua is not enhanced.

[2021-10-03 22:55:19 #13 type.registry] 
New type domain.Pertsona

[2021-10-03 22:55:19 #14 type.registry] 
New type domain.Bezero

[2021-10-03 22:55:19 #15 type] 
Type domain.Pertsona is not enhanced.

[2021-10-03 22:55:19 #16 type] 
Type domain.Bezero is not enhanced.

[2021-10-03 22:55:19 #17 type.registry] 
New type domain.Kodea

[2021-10-03 22:55:19 #18 type.registry] 
New type java.util.Vector<domain.Kodea>

[2021-10-03 22:55:19 #19 type.registry] 
New type java.util.Vector<domain.Bezero>

[2021-10-03 22:55:19 #20 type.registry] 
New type domain.Mugimendua

[2021-10-03 22:55:19 #21 type.registry] 
New type java.util.Vector<domain.Mugimendua>

[2021-10-03 22:55:19 #22 type] 
Type domain.Kodea is not enhanced.

[2021-10-03 22:55:19 #23 type] 
Type domain.Mugimendua is not enhanced.

[2021-10-03 22:55:19 #24 type.registry] 
New type java.util.Vector<java.lang.Object>

------------------------------------------------------------------------------------------------------------------------

[2021-10-03 22:55:35 #1 store] 
Database 'C:\Users\Usuario\git\SI2\Bets21\src\main\resources\bets.temp' is opened by 2480@DESKTOP-NGL0TFB

[2021-10-03 22:55:35 #2 type.registry] 
New type domain.Event

[2021-10-03 22:55:35 #3 type] 
Type domain.Event is not enhanced.

[2021-10-03 22:55:35 #4 type.registry] 
New type domain.Question

[2021-10-03 22:55:35 #5 type.registry] 
New type java.util.Vector<domain.Question>

[2021-10-03 22:55:35 #6 type] 
Type domain.Question is not enhanced.

[2021-10-03 22:55:35 #7 type.registry] 
New type domain.Pronostikoa

[2021-10-03 22:55:35 #8 type.registry] 
New type java.util.Vector<domain.Pronostikoa>

[2021-10-03 22:55:35 #9 type] 
Type domain.Pronostikoa is not enhanced.

[2021-10-03 22:55:35 #10 type.registry] 
New type domain.Apustua

[2021-10-03 22:55:35 #11 type.registry] 
New type java.util.Vector<domain.Apustua>

[2021-10-03 22:55:35 #12 type] 
Type domain.Apustua is not enhanced.

[2021-10-03 22:55:35 #13 type.registry] 
New type domain.Pertsona

[2021-10-03 22:55:35 #14 type.registry] 
New type domain.Bezero

[2021-10-03 22:55:35 #15 type] 
Type domain.Pertsona is not enhanced.

[2021-10-03 22:55:35 #16 type] 
Type domain.Bezero is not enhanced.

[2021-10-03 22:55:35 #17 type.registry] 
New type domain.Kodea

[2021-10-03 22:55:35 #18 type.registry] 
New type java.util.Vector<domain.Kodea>

[2021-10-03 22:55:35 #19 type.registry] 
New type java.util.Vector<domain.Bezero>

[2021-10-03 22:55:35 #20 type.registry] 
New type domain.Mugimendua

[2021-10-03 22:55:35 #21 type.registry] 
New type java.util.Vector<domain.Mugimendua>

[2021-10-03 22:55:35 #22 type] 
Type domain.Kodea is not enhanced.

[2021-10-03 22:55:35 #23 type] 
Type domain.Mugimendua is not enhanced.

[2021-10-03 22:55:35 #24 type.registry] 
New type java.util.Vector<java.lang.Object>

------------------------------------------------------------------------------------------------------------------------

[2021-10-03 22:57:04 #1 store] 
Database 'C:\Users\Usuario\git\SI2\Bets21\src\main\resources\bets.temp' is opened by 13920@DESKTOP-NGL0TFB

[2021-10-03 22:57:04 #2 type.registry] 
New type domain.Pertsona

[2021-10-03 22:57:04 #3 type] 
Type domain.Pertsona is not enhanced.

[2021-10-03 22:57:04 #4 type.registry] 
New type domain.Bezero

[2021-10-03 22:57:04 #5 type] 
Type domain.Bezero is not enhanced.

[2021-10-03 22:57:04 #6 type.registry] 
New type domain.Kodea

[2021-10-03 22:57:04 #7 type.registry] 
New type java.util.Vector<domain.Kodea>

[2021-10-03 22:57:04 #8 type.registry] 
New type java.util.Vector<domain.Bezero>

[2021-10-03 22:57:04 #9 type.registry] 
New type domain.Apustua

[2021-10-03 22:57:04 #10 type.registry] 
New type java.util.Vector<domain.Apustua>

[2021-10-03 22:57:04 #11 type.registry] 
New type domain.Mugimendua

[2021-10-03 22:57:04 #12 type.registry] 
New type java.util.Vector<domain.Mugimendua>

[2021-10-03 22:57:04 #13 type] 
Type domain.Kodea is not enhanced.

[2021-10-03 22:57:04 #14 type] 
Type domain.Apustua is not enhanced.

[2021-10-03 22:57:04 #15 type.registry] 
New type domain.Pronostikoa

[2021-10-03 22:57:04 #16 type.registry] 
New type java.util.Vector<domain.Pronostikoa>

[2021-10-03 22:57:04 #17 type] 
Type domain.Mugimendua is not enhanced.

[2021-10-03 22:57:04 #18 type] 
Type domain.Pronostikoa is not enhanced.

[2021-10-03 22:57:04 #19 type.registry] 
New type domain.Question

[2021-10-03 22:57:04 #20 type] 
Type domain.Question is not enhanced.

[2021-10-03 22:57:04 #21 type.registry] 
New type domain.Event

[2021-10-03 22:57:04 #22 type] 
Type domain.Event is not enhanced.

[2021-10-03 22:57:04 #23 type.registry] 
New type java.util.Vector<domain.Question>

[2021-10-03 22:57:04 #24 type.registry] 
New type java.util.Vector<java.lang.Object>

------------------------------------------------------------------------------------------------------------------------

[2021-10-03 22:57:22 #1 store] 
Database 'C:\Users\Usuario\git\SI2\Bets21\src\main\resources\bets.temp' is opened by 10224@DESKTOP-NGL0TFB

[2021-10-03 22:57:22 #2 type.registry] 
New type domain.Pertsona

[2021-10-03 22:57:22 #3 type] 
Type domain.Pertsona is not enhanced.

[2021-10-03 22:57:22 #4 type.registry] 
New type domain.Bezero

[2021-10-03 22:57:22 #5 type] 
Type domain.Bezero is not enhanced.

[2021-10-03 22:57:22 #6 type.registry] 
New type domain.Kodea

[2021-10-03 22:57:22 #7 type.registry] 
New type java.util.Vector<domain.Kodea>

[2021-10-03 22:57:22 #8 type.registry] 
New type java.util.Vector<domain.Bezero>

[2021-10-03 22:57:22 #9 type.registry] 
New type domain.Apustua

[2021-10-03 22:57:22 #10 type.registry] 
New type java.util.Vector<domain.Apustua>

[2021-10-03 22:57:22 #11 type.registry] 
New type domain.Mugimendua

[2021-10-03 22:57:22 #12 type.registry] 
New type java.util.Vector<domain.Mugimendua>

[2021-10-03 22:57:22 #13 type] 
Type domain.Kodea is not enhanced.

[2021-10-03 22:57:22 #14 type] 
Type domain.Apustua is not enhanced.

[2021-10-03 22:57:22 #15 type.registry] 
New type domain.Pronostikoa

[2021-10-03 22:57:22 #16 type.registry] 
New type java.util.Vector<domain.Pronostikoa>

[2021-10-03 22:57:22 #17 type] 
Type domain.Mugimendua is not enhanced.

[2021-10-03 22:57:22 #18 type] 
Type domain.Pronostikoa is not enhanced.

[2021-10-03 22:57:22 #19 type.registry] 
New type domain.Question

[2021-10-03 22:57:22 #20 type] 
Type domain.Question is not enhanced.

[2021-10-03 22:57:22 #21 type.registry] 
New type domain.Event

[2021-10-03 22:57:22 #22 type] 
Type domain.Event is not enhanced.

[2021-10-03 22:57:22 #23 type.registry] 
New type java.util.Vector<domain.Question>

[2021-10-03 22:57:22 #24 type.registry] 
New type java.util.Vector<java.lang.Object>

------------------------------------------------------------------------------------------------------------------------

[2021-10-03 22:59:03 #1 store] 
Database 'C:\Users\Usuario\git\SI2\Bets21\src\main\resources\bets.temp' is opened by 8452@DESKTOP-NGL0TFB

[2021-10-03 22:59:03 #2 type.registry] 
New type domain.Pertsona

[2021-10-03 22:59:03 #3 type] 
Type domain.Pertsona is not enhanced.

[2021-10-03 22:59:03 #4 type.registry] 
New type domain.Bezero

[2021-10-03 22:59:03 #5 type] 
Type domain.Bezero is not enhanced.

[2021-10-03 22:59:03 #6 type.registry] 
New type domain.Kodea

[2021-10-03 22:59:03 #7 type.registry] 
New type java.util.Vector<domain.Kodea>

[2021-10-03 22:59:03 #8 type.registry] 
New type java.util.Vector<domain.Bezero>

[2021-10-03 22:59:03 #9 type.registry] 
New type domain.Apustua

[2021-10-03 22:59:03 #10 type.registry] 
New type java.util.Vector<domain.Apustua>

[2021-10-03 22:59:03 #11 type.registry] 
New type domain.Mugimendua

[2021-10-03 22:59:03 #12 type.registry] 
New type java.util.Vector<domain.Mugimendua>

[2021-10-03 22:59:03 #13 type] 
Type domain.Kodea is not enhanced.

[2021-10-03 22:59:03 #14 type] 
Type domain.Apustua is not enhanced.

[2021-10-03 22:59:03 #15 type.registry] 
New type domain.Pronostikoa

[2021-10-03 22:59:03 #16 type.registry] 
New type java.util.Vector<domain.Pronostikoa>

[2021-10-03 22:59:03 #17 type] 
Type domain.Mugimendua is not enhanced.

[2021-10-03 22:59:03 #18 type] 
Type domain.Pronostikoa is not enhanced.

[2021-10-03 22:59:03 #19 type.registry] 
New type domain.Question

[2021-10-03 22:59:03 #20 type] 
Type domain.Question is not enhanced.

[2021-10-03 22:59:03 #21 type.registry] 
New type domain.Event

[2021-10-03 22:59:03 #22 type] 
Type domain.Event is not enhanced.

[2021-10-03 22:59:03 #23 type.registry] 
New type java.util.Vector<domain.Question>

[2021-10-03 22:59:03 #24 type.registry] 
New type java.util.Vector<java.lang.Object>

------------------------------------------------------------------------------------------------------------------------

[2021-10-03 22:59:13 #1 store] 
Database 'C:\Users\Usuario\git\SI2\Bets21\src\main\resources\bets.temp' is opened by 3280@DESKTOP-NGL0TFB

[2021-10-03 22:59:13 #2 type.registry] 
New type domain.Pertsona

[2021-10-03 22:59:13 #3 type] 
Type domain.Pertsona is not enhanced.

[2021-10-03 22:59:13 #4 type.registry] 
New type domain.Bezero

[2021-10-03 22:59:13 #5 type] 
Type domain.Bezero is not enhanced.

[2021-10-03 22:59:13 #6 type.registry] 
New type domain.Kodea

[2021-10-03 22:59:13 #7 type.registry] 
New type java.util.Vector<domain.Kodea>

[2021-10-03 22:59:13 #8 type.registry] 
New type java.util.Vector<domain.Bezero>

[2021-10-03 22:59:13 #9 type.registry] 
New type domain.Apustua

[2021-10-03 22:59:13 #10 type.registry] 
New type java.util.Vector<domain.Apustua>

[2021-10-03 22:59:13 #11 type.registry] 
New type domain.Mugimendua

[2021-10-03 22:59:13 #12 type.registry] 
New type java.util.Vector<domain.Mugimendua>

[2021-10-03 22:59:13 #13 type] 
Type domain.Kodea is not enhanced.

[2021-10-03 22:59:13 #14 type] 
Type domain.Apustua is not enhanced.

[2021-10-03 22:59:13 #15 type.registry] 
New type domain.Pronostikoa

[2021-10-03 22:59:13 #16 type.registry] 
New type java.util.Vector<domain.Pronostikoa>

[2021-10-03 22:59:13 #17 type] 
Type domain.Mugimendua is not enhanced.

[2021-10-03 22:59:13 #18 type] 
Type domain.Pronostikoa is not enhanced.

[2021-10-03 22:59:13 #19 type.registry] 
New type domain.Question

[2021-10-03 22:59:13 #20 type] 
Type domain.Question is not enhanced.

[2021-10-03 22:59:13 #21 type.registry] 
New type domain.Event

[2021-10-03 22:59:13 #22 type] 
Type domain.Event is not enhanced.

[2021-10-03 22:59:13 #23 type.registry] 
New type java.util.Vector<domain.Question>

[2021-10-03 22:59:13 #24 type.registry] 
New type java.util.Vector<java.lang.Object>

------------------------------------------------------------------------------------------------------------------------

[2021-10-03 23:00:23 #1 store] 
Database 'C:\Users\Usuario\git\SI2\Bets21\src\main\resources\bets.temp' is opened by 5812@DESKTOP-NGL0TFB

[2021-10-03 23:00:23 #2 type.registry] 
New type domain.Pertsona

[2021-10-03 23:00:23 #3 type] 
Type domain.Pertsona is not enhanced.

[2021-10-03 23:00:23 #4 type.registry] 
New type domain.Bezero

[2021-10-03 23:00:23 #5 type] 
Type domain.Bezero is not enhanced.

[2021-10-03 23:00:23 #6 type.registry] 
New type domain.Kodea

[2021-10-03 23:00:23 #7 type.registry] 
New type java.util.Vector<domain.Kodea>

[2021-10-03 23:00:23 #8 type.registry] 
New type java.util.Vector<domain.Bezero>

[2021-10-03 23:00:23 #9 type.registry] 
New type domain.Apustua

[2021-10-03 23:00:23 #10 type.registry] 
New type java.util.Vector<domain.Apustua>

[2021-10-03 23:00:23 #11 type.registry] 
New type domain.Mugimendua

[2021-10-03 23:00:23 #12 type.registry] 
New type java.util.Vector<domain.Mugimendua>

[2021-10-03 23:00:23 #13 type] 
Type domain.Kodea is not enhanced.

[2021-10-03 23:00:23 #14 type] 
Type domain.Apustua is not enhanced.

[2021-10-03 23:00:23 #15 type.registry] 
New type domain.Pronostikoa

[2021-10-03 23:00:23 #16 type.registry] 
New type java.util.Vector<domain.Pronostikoa>

[2021-10-03 23:00:23 #17 type] 
Type domain.Mugimendua is not enhanced.

[2021-10-03 23:00:23 #18 type] 
Type domain.Pronostikoa is not enhanced.

[2021-10-03 23:00:23 #19 type.registry] 
New type domain.Question

[2021-10-03 23:00:23 #20 type] 
Type domain.Question is not enhanced.

[2021-10-03 23:00:23 #21 type.registry] 
New type domain.Event

[2021-10-03 23:00:23 #22 type] 
Type domain.Event is not enhanced.

[2021-10-03 23:00:23 #23 type.registry] 
New type java.util.Vector<domain.Question>

[2021-10-03 23:00:23 #24 type.registry] 
New type java.util.Vector<java.lang.Object>

------------------------------------------------------------------------------------------------------------------------

[2021-10-03 23:00:33 #1 store] 
Database 'C:\Users\Usuario\git\SI2\Bets21\src\main\resources\bets.temp' is opened by 14064@DESKTOP-NGL0TFB

[2021-10-03 23:00:34 #2 type.registry] 
New type domain.Pertsona

[2021-10-03 23:00:34 #3 type] 
Type domain.Pertsona is not enhanced.

[2021-10-03 23:00:34 #4 type.registry] 
New type domain.Bezero

[2021-10-03 23:00:34 #5 type] 
Type domain.Bezero is not enhanced.

[2021-10-03 23:00:34 #6 type.registry] 
New type domain.Kodea

[2021-10-03 23:00:34 #7 type.registry] 
New type java.util.Vector<domain.Kodea>

[2021-10-03 23:00:34 #8 type.registry] 
New type java.util.Vector<domain.Bezero>

[2021-10-03 23:00:34 #9 type.registry] 
New type domain.Apustua

[2021-10-03 23:00:34 #10 type.registry] 
New type java.util.Vector<domain.Apustua>

[2021-10-03 23:00:34 #11 type.registry] 
New type domain.Mugimendua

[2021-10-03 23:00:34 #12 type.registry] 
New type java.util.Vector<domain.Mugimendua>

[2021-10-03 23:00:34 #13 type] 
Type domain.Kodea is not enhanced.

[2021-10-03 23:00:34 #14 type] 
Type domain.Apustua is not enhanced.

[2021-10-03 23:00:34 #15 type.registry] 
New type domain.Pronostikoa

[2021-10-03 23:00:34 #16 type.registry] 
New type java.util.Vector<domain.Pronostikoa>

[2021-10-03 23:00:34 #17 type] 
Type domain.Mugimendua is not enhanced.

[2021-10-03 23:00:34 #18 type] 
Type domain.Pronostikoa is not enhanced.

[2021-10-03 23:00:34 #19 type.registry] 
New type domain.Question

[2021-10-03 23:00:34 #20 type] 
Type domain.Question is not enhanced.

[2021-10-03 23:00:34 #21 type.registry] 
New type domain.Event

[2021-10-03 23:00:34 #22 type] 
Type domain.Event is not enhanced.

[2021-10-03 23:00:34 #23 type.registry] 
New type java.util.Vector<domain.Question>

[2021-10-03 23:00:34 #24 type.registry] 
New type java.util.Vector<java.lang.Object>

------------------------------------------------------------------------------------------------------------------------

[2021-10-03 23:02:38 #1 store] 
Database 'C:\Users\Usuario\git\SI2\Bets21\src\main\resources\bets.temp' is opened by 5404@DESKTOP-NGL0TFB

[2021-10-03 23:02:38 #2 type.registry] 
New type domain.Event

[2021-10-03 23:02:38 #3 type] 
Type domain.Event is not enhanced.

[2021-10-03 23:02:38 #4 type.registry] 
New type domain.Question

[2021-10-03 23:02:38 #5 type.registry] 
New type java.util.Vector<domain.Question>

[2021-10-03 23:02:38 #6 type] 
Type domain.Question is not enhanced.

[2021-10-03 23:02:38 #7 type.registry] 
New type domain.Pronostikoa

[2021-10-03 23:02:38 #8 type.registry] 
New type java.util.Vector<domain.Pronostikoa>

[2021-10-03 23:02:38 #9 type] 
Type domain.Pronostikoa is not enhanced.

[2021-10-03 23:02:38 #10 type.registry] 
New type domain.Apustua

[2021-10-03 23:02:38 #11 type.registry] 
New type java.util.Vector<domain.Apustua>

[2021-10-03 23:02:38 #12 type] 
Type domain.Apustua is not enhanced.

[2021-10-03 23:02:38 #13 type.registry] 
New type domain.Pertsona

[2021-10-03 23:02:38 #14 type.registry] 
New type domain.Bezero

[2021-10-03 23:02:38 #15 type] 
Type domain.Pertsona is not enhanced.

[2021-10-03 23:02:38 #16 type] 
Type domain.Bezero is not enhanced.

[2021-10-03 23:02:38 #17 type.registry] 
New type domain.Kodea

[2021-10-03 23:02:38 #18 type.registry] 
New type java.util.Vector<domain.Kodea>

[2021-10-03 23:02:38 #19 type.registry] 
New type java.util.Vector<domain.Bezero>

[2021-10-03 23:02:38 #20 type.registry] 
New type domain.Mugimendua

[2021-10-03 23:02:38 #21 type.registry] 
New type java.util.Vector<domain.Mugimendua>

[2021-10-03 23:02:38 #22 type] 
Type domain.Kodea is not enhanced.

[2021-10-03 23:02:38 #23 type] 
Type domain.Mugimendua is not enhanced.

[2021-10-03 23:02:38 #24 type.registry] 
New type java.util.Vector<java.lang.Object>

------------------------------------------------------------------------------------------------------------------------

[2021-10-03 23:04:20 #1 store] 
Database 'C:\Users\Usuario\git\SI2\Bets21\src\main\resources\bets.temp' is opened by 7280@DESKTOP-NGL0TFB

[2021-10-03 23:04:20 #2 type.registry] 
New type domain.Event

[2021-10-03 23:04:20 #3 type] 
Type domain.Event is not enhanced.

[2021-10-03 23:04:20 #4 type.registry] 
New type domain.Question

[2021-10-03 23:04:20 #5 type.registry] 
New type java.util.Vector<domain.Question>

[2021-10-03 23:04:20 #6 type] 
Type domain.Question is not enhanced.

[2021-10-03 23:04:20 #7 type.registry] 
New type domain.Pronostikoa

[2021-10-03 23:04:20 #8 type.registry] 
New type java.util.Vector<domain.Pronostikoa>

[2021-10-03 23:04:20 #9 type] 
Type domain.Pronostikoa is not enhanced.

[2021-10-03 23:04:20 #10 type.registry] 
New type domain.Apustua

[2021-10-03 23:04:20 #11 type.registry] 
New type java.util.Vector<domain.Apustua>

[2021-10-03 23:04:20 #12 type] 
Type domain.Apustua is not enhanced.

[2021-10-03 23:04:20 #13 type.registry] 
New type domain.Pertsona

[2021-10-03 23:04:20 #14 type.registry] 
New type domain.Bezero

[2021-10-03 23:04:20 #15 type] 
Type domain.Pertsona is not enhanced.

[2021-10-03 23:04:20 #16 type] 
Type domain.Bezero is not enhanced.

[2021-10-03 23:04:20 #17 type.registry] 
New type domain.Kodea

[2021-10-03 23:04:20 #18 type.registry] 
New type java.util.Vector<domain.Kodea>

[2021-10-03 23:04:20 #19 type.registry] 
New type java.util.Vector<domain.Bezero>

[2021-10-03 23:04:20 #20 type.registry] 
New type domain.Mugimendua

[2021-10-03 23:04:20 #21 type.registry] 
New type java.util.Vector<domain.Mugimendua>

[2021-10-03 23:04:20 #22 type] 
Type domain.Kodea is not enhanced.

[2021-10-03 23:04:20 #23 type] 
Type domain.Mugimendua is not enhanced.

[2021-10-03 23:04:20 #24 type.registry] 
New type java.util.Vector<java.lang.Object>

------------------------------------------------------------------------------------------------------------------------

[2021-10-03 23:04:55 #1 store] 
Database 'C:\Users\Usuario\git\SI2\Bets21\src\main\resources\bets.temp' is opened by 2464@DESKTOP-NGL0TFB

[2021-10-03 23:04:55 #2 type.registry] 
New type domain.Event

[2021-10-03 23:04:55 #3 type] 
Type domain.Event is not enhanced.

[2021-10-03 23:04:55 #4 type.registry] 
New type domain.Question

[2021-10-03 23:04:55 #5 type.registry] 
New type java.util.Vector<domain.Question>

[2021-10-03 23:04:55 #6 type] 
Type domain.Question is not enhanced.

[2021-10-03 23:04:55 #7 type.registry] 
New type domain.Pronostikoa

[2021-10-03 23:04:55 #8 type.registry] 
New type java.util.Vector<domain.Pronostikoa>

[2021-10-03 23:04:55 #9 type] 
Type domain.Pronostikoa is not enhanced.

[2021-10-03 23:04:55 #10 type.registry] 
New type domain.Apustua

[2021-10-03 23:04:55 #11 type.registry] 
New type java.util.Vector<domain.Apustua>

[2021-10-03 23:04:55 #12 type] 
Type domain.Apustua is not enhanced.

[2021-10-03 23:04:55 #13 type.registry] 
New type domain.Pertsona

[2021-10-03 23:04:55 #14 type.registry] 
New type domain.Bezero

[2021-10-03 23:04:55 #15 type] 
Type domain.Pertsona is not enhanced.

[2021-10-03 23:04:55 #16 type] 
Type domain.Bezero is not enhanced.

[2021-10-03 23:04:55 #17 type.registry] 
New type domain.Kodea

[2021-10-03 23:04:55 #18 type.registry] 
New type java.util.Vector<domain.Kodea>

[2021-10-03 23:04:55 #19 type.registry] 
New type java.util.Vector<domain.Bezero>

[2021-10-03 23:04:55 #20 type.registry] 
New type domain.Mugimendua

[2021-10-03 23:04:55 #21 type.registry] 
New type java.util.Vector<domain.Mugimendua>

[2021-10-03 23:04:55 #22 type] 
Type domain.Kodea is not enhanced.

[2021-10-03 23:04:55 #23 type] 
Type domain.Mugimendua is not enhanced.

[2021-10-03 23:04:55 #24 type.registry] 
New type java.util.Vector<java.lang.Object>

------------------------------------------------------------------------------------------------------------------------

[2021-10-03 23:05:00 #1 store] 
Database 'C:\Users\Usuario\git\SI2\Bets21\src\main\resources\bets.temp' is opened by 13120@DESKTOP-NGL0TFB

[2021-10-03 23:05:00 #2 type.registry] 
New type domain.Event

[2021-10-03 23:05:00 #3 type] 
Type domain.Event is not enhanced.

[2021-10-03 23:05:00 #4 type.registry] 
New type domain.Question

[2021-10-03 23:05:00 #5 type.registry] 
New type java.util.Vector<domain.Question>

[2021-10-03 23:05:00 #6 type] 
Type domain.Question is not enhanced.

[2021-10-03 23:05:00 #7 type.registry] 
New type domain.Pronostikoa

[2021-10-03 23:05:00 #8 type.registry] 
New type java.util.Vector<domain.Pronostikoa>

[2021-10-03 23:05:00 #9 type] 
Type domain.Pronostikoa is not enhanced.

[2021-10-03 23:05:00 #10 type.registry] 
New type domain.Apustua

[2021-10-03 23:05:00 #11 type.registry] 
New type java.util.Vector<domain.Apustua>

[2021-10-03 23:05:00 #12 type] 
Type domain.Apustua is not enhanced.

[2021-10-03 23:05:00 #13 type.registry] 
New type domain.Pertsona

[2021-10-03 23:05:00 #14 type.registry] 
New type domain.Bezero

[2021-10-03 23:05:00 #15 type] 
Type domain.Pertsona is not enhanced.

[2021-10-03 23:05:00 #16 type] 
Type domain.Bezero is not enhanced.

[2021-10-03 23:05:00 #17 type.registry] 
New type domain.Kodea

[2021-10-03 23:05:00 #18 type.registry] 
New type java.util.Vector<domain.Kodea>

[2021-10-03 23:05:00 #19 type.registry] 
New type java.util.Vector<domain.Bezero>

[2021-10-03 23:05:00 #20 type.registry] 
New type domain.Mugimendua

[2021-10-03 23:05:00 #21 type.registry] 
New type java.util.Vector<domain.Mugimendua>

[2021-10-03 23:05:00 #22 type] 
Type domain.Kodea is not enhanced.

[2021-10-03 23:05:00 #23 type] 
Type domain.Mugimendua is not enhanced.

[2021-10-03 23:05:00 #24 type.registry] 
New type java.util.Vector<java.lang.Object>

------------------------------------------------------------------------------------------------------------------------

[2021-10-03 23:05:07 #1 store] 
Database 'C:\Users\Usuario\git\SI2\Bets21\src\main\resources\bets.temp' has been recovered (tr. 1-20)

[2021-10-03 23:05:07 #2 store] 
Database 'C:\Users\Usuario\git\SI2\Bets21\src\main\resources\bets.temp' is opened by 5408@DESKTOP-NGL0TFB

[2021-10-03 23:05:08 #3 type] 
Type domain.Event is not enhanced.

[2021-10-03 23:05:08 #4 type] 
Type domain.Question is not enhanced.

[2021-10-03 23:05:08 #5 type] 
Type domain.Pronostikoa is not enhanced.

[2021-10-03 23:05:08 #6 type] 
Type domain.Apustua is not enhanced.

[2021-10-03 23:05:08 #7 type] 
Type domain.Pertsona is not enhanced.

[2021-10-03 23:05:08 #8 type] 
Type domain.Bezero is not enhanced.

[2021-10-03 23:05:08 #9 type] 
Type domain.Kodea is not enhanced.

[2021-10-03 23:05:08 #10 type] 
Type domain.Mugimendua is not enhanced.

------------------------------------------------------------------------------------------------------------------------

[2021-10-03 23:07:24 #1 store] 
Database 'C:\Users\Usuario\git\SI2\Bets21\src\main\resources\bets.temp' is opened by 11412@DESKTOP-NGL0TFB

[2021-10-03 23:07:24 #2 type] 
Type domain.Event is not enhanced.

[2021-10-03 23:07:24 #3 type] 
Type domain.Question is not enhanced.

[2021-10-03 23:07:24 #4 type] 
Type domain.Pronostikoa is not enhanced.

[2021-10-03 23:07:24 #5 type] 
Type domain.Apustua is not enhanced.

[2021-10-03 23:07:24 #6 type] 
Type domain.Pertsona is not enhanced.

[2021-10-03 23:07:24 #7 type] 
Type domain.Bezero is not enhanced.

[2021-10-03 23:07:24 #8 type] 
Type domain.Kodea is not enhanced.

[2021-10-03 23:07:24 #9 type] 
Type domain.Mugimendua is not enhanced.

------------------------------------------------------------------------------------------------------------------------

[2021-10-03 23:07:35 #1 store] 
Database 'C:\Users\Usuario\git\SI2\Bets21\src\main\resources\bets.temp' is opened by 9232@DESKTOP-NGL0TFB

[2021-10-03 23:07:35 #2 type] 
Type domain.Event is not enhanced.

[2021-10-03 23:07:35 #3 type] 
Type domain.Question is not enhanced.

[2021-10-03 23:07:35 #4 type] 
Type domain.Pronostikoa is not enhanced.

[2021-10-03 23:07:35 #5 type] 
Type domain.Apustua is not enhanced.

[2021-10-03 23:07:35 #6 type] 
Type domain.Pertsona is not enhanced.

[2021-10-03 23:07:35 #7 type] 
Type domain.Bezero is not enhanced.

[2021-10-03 23:07:35 #8 type] 
Type domain.Kodea is not enhanced.

[2021-10-03 23:07:35 #9 type] 
Type domain.Mugimendua is not enhanced.

------------------------------------------------------------------------------------------------------------------------

[2021-10-03 23:07:48 #1 store] 
Database 'C:\Users\Usuario\git\SI2\Bets21\src\main\resources\bets.temp' is opened by 9644@DESKTOP-NGL0TFB

[2021-10-03 23:07:48 #2 type] 
Type domain.Event is not enhanced.

[2021-10-03 23:07:48 #3 type] 
Type domain.Question is not enhanced.

[2021-10-03 23:07:48 #4 type] 
Type domain.Pronostikoa is not enhanced.

[2021-10-03 23:07:48 #5 type] 
Type domain.Apustua is not enhanced.

[2021-10-03 23:07:48 #6 type] 
Type domain.Pertsona is not enhanced.

[2021-10-03 23:07:49 #7 type] 
Type domain.Bezero is not enhanced.

[2021-10-03 23:07:49 #8 type] 
Type domain.Kodea is not enhanced.

[2021-10-03 23:07:49 #9 type] 
Type domain.Mugimendua is not enhanced.

------------------------------------------------------------------------------------------------------------------------

[2021-10-03 23:08:00 #1 store] 
Database 'C:\Users\Usuario\git\SI2\Bets21\src\main\resources\bets.temp' is opened by 14368@DESKTOP-NGL0TFB

[2021-10-03 23:08:00 #2 type] 
Type domain.Event is not enhanced.

[2021-10-03 23:08:00 #3 type] 
Type domain.Question is not enhanced.

[2021-10-03 23:08:00 #4 type] 
Type domain.Pronostikoa is not enhanced.

[2021-10-03 23:08:00 #5 type] 
Type domain.Apustua is not enhanced.

[2021-10-03 23:08:00 #6 type] 
Type domain.Pertsona is not enhanced.

[2021-10-03 23:08:00 #7 type] 
Type domain.Bezero is not enhanced.

[2021-10-03 23:08:00 #8 type] 
Type domain.Kodea is not enhanced.

[2021-10-03 23:08:00 #9 type] 
Type domain.Mugimendua is not enhanced.

------------------------------------------------------------------------------------------------------------------------

[2021-10-03 23:08:30 #1 store] 
Database 'C:\Users\Usuario\git\SI2\Bets21\src\main\resources\bets.temp' is opened by 12876@DESKTOP-NGL0TFB

[2021-10-03 23:08:30 #2 type] 
Type domain.Event is not enhanced.

[2021-10-03 23:08:30 #3 type] 
Type domain.Question is not enhanced.

[2021-10-03 23:08:30 #4 type] 
Type domain.Pronostikoa is not enhanced.

[2021-10-03 23:08:30 #5 type] 
Type domain.Apustua is not enhanced.

[2021-10-03 23:08:30 #6 type] 
Type domain.Pertsona is not enhanced.

[2021-10-03 23:08:30 #7 type] 
Type domain.Bezero is not enhanced.

[2021-10-03 23:08:30 #8 type] 
Type domain.Kodea is not enhanced.

[2021-10-03 23:08:30 #9 type] 
Type domain.Mugimendua is not enhanced.

------------------------------------------------------------------------------------------------------------------------

[2021-10-03 23:08:36 #1 store] 
Database 'C:\Users\Usuario\git\SI2\Bets21\src\main\resources\bets.temp' is opened by 7520@DESKTOP-NGL0TFB

[2021-10-03 23:08:36 #2 type.registry] 
New type domain.Event

[2021-10-03 23:08:36 #3 type] 
Type domain.Event is not enhanced.

[2021-10-03 23:08:36 #4 type.registry] 
New type domain.Question

[2021-10-03 23:08:36 #5 type.registry] 
New type java.util.Vector<domain.Question>

[2021-10-03 23:08:36 #6 type] 
Type domain.Question is not enhanced.

[2021-10-03 23:08:36 #7 type.registry] 
New type domain.Pronostikoa

[2021-10-03 23:08:36 #8 type.registry] 
New type java.util.Vector<domain.Pronostikoa>

[2021-10-03 23:08:36 #9 type] 
Type domain.Pronostikoa is not enhanced.

[2021-10-03 23:08:36 #10 type.registry] 
New type domain.Apustua

[2021-10-03 23:08:36 #11 type.registry] 
New type java.util.Vector<domain.Apustua>

[2021-10-03 23:08:36 #12 type] 
Type domain.Apustua is not enhanced.

[2021-10-03 23:08:36 #13 type.registry] 
New type domain.Pertsona

[2021-10-03 23:08:36 #14 type.registry] 
New type domain.Bezero

[2021-10-03 23:08:36 #15 type] 
Type domain.Pertsona is not enhanced.

[2021-10-03 23:08:36 #16 type] 
Type domain.Bezero is not enhanced.

[2021-10-03 23:08:36 #17 type.registry] 
New type domain.Kodea

[2021-10-03 23:08:36 #18 type.registry] 
New type java.util.Vector<domain.Kodea>

[2021-10-03 23:08:36 #19 type.registry] 
New type java.util.Vector<domain.Bezero>

[2021-10-03 23:08:36 #20 type.registry] 
New type domain.Mugimendua

[2021-10-03 23:08:36 #21 type.registry] 
New type java.util.Vector<domain.Mugimendua>

[2021-10-03 23:08:36 #22 type] 
Type domain.Kodea is not enhanced.

[2021-10-03 23:08:36 #23 type] 
Type domain.Mugimendua is not enhanced.

[2021-10-03 23:08:36 #24 type.registry] 
New type java.util.Vector<java.lang.Object>

[2021-10-03 23:08:38 #25 type.registry] 
New type domain.Admin

[2021-10-03 23:08:38 #26 type] 
Type domain.Admin is not enhanced.

[2021-10-03 23:08:38 #27 type.registry] 
New type domain.Langilea

[2021-10-03 23:08:38 #28 type] 
Type domain.Langilea is not enhanced.

------------------------------------------------------------------------------------------------------------------------

[2021-10-03 23:40:38 #1 store] 
Database 'C:\Users\Usuario\git\SI2\Bets21\src\main\resources\bets.temp' is opened by 7916@DESKTOP-NGL0TFB

[2021-10-03 23:40:38 #2 type.registry] 
New type domain.Event

[2021-10-03 23:40:38 #3 type] 
Type domain.Event is not enhanced.

[2021-10-03 23:40:38 #4 type.registry] 
New type domain.Question

[2021-10-03 23:40:38 #5 type.registry] 
New type java.util.Vector<domain.Question>

[2021-10-03 23:40:38 #6 type] 
Type domain.Question is not enhanced.

[2021-10-03 23:40:38 #7 type.registry] 
New type domain.Pronostikoa

[2021-10-03 23:40:38 #8 type.registry] 
New type java.util.Vector<domain.Pronostikoa>

[2021-10-03 23:40:38 #9 type] 
Type domain.Pronostikoa is not enhanced.

[2021-10-03 23:40:38 #10 type.registry] 
New type domain.Apustua

[2021-10-03 23:40:38 #11 type.registry] 
New type java.util.Vector<domain.Apustua>

[2021-10-03 23:40:38 #12 type] 
Type domain.Apustua is not enhanced.

[2021-10-03 23:40:38 #13 type.registry] 
New type domain.Pertsona

[2021-10-03 23:40:38 #14 type.registry] 
New type domain.Bezero

[2021-10-03 23:40:38 #15 type] 
Type domain.Pertsona is not enhanced.

[2021-10-03 23:40:38 #16 type] 
Type domain.Bezero is not enhanced.

[2021-10-03 23:40:38 #17 type.registry] 
New type domain.Kodea

[2021-10-03 23:40:38 #18 type.registry] 
New type java.util.Vector<domain.Kodea>

[2021-10-03 23:40:38 #19 type.registry] 
New type java.util.Vector<domain.Bezero>

[2021-10-03 23:40:38 #20 type.registry] 
New type domain.Mugimendua

[2021-10-03 23:40:38 #21 type.registry] 
New type java.util.Vector<domain.Mugimendua>

[2021-10-03 23:40:38 #22 type] 
Type domain.Kodea is not enhanced.

[2021-10-03 23:40:38 #23 type] 
Type domain.Mugimendua is not enhanced.

[2021-10-03 23:40:38 #24 type.registry] 
New type java.util.Vector<java.lang.Object>

------------------------------------------------------------------------------------------------------------------------

[2021-10-03 23:41:45 #1 store] 
Database 'C:\Users\Usuario\git\SI2\Bets21\src\main\resources\bets.temp' is opened by 12140@DESKTOP-NGL0TFB

[2021-10-03 23:41:45 #2 type.registry] 
New type domain.Event

[2021-10-03 23:41:45 #3 type] 
Type domain.Event is not enhanced.

[2021-10-03 23:41:45 #4 type.registry] 
New type domain.Question

[2021-10-03 23:41:45 #5 type.registry] 
New type java.util.Vector<domain.Question>

[2021-10-03 23:41:45 #6 type] 
Type domain.Question is not enhanced.

[2021-10-03 23:41:45 #7 type.registry] 
New type domain.Pronostikoa

[2021-10-03 23:41:45 #8 type.registry] 
New type java.util.Vector<domain.Pronostikoa>

[2021-10-03 23:41:45 #9 type] 
Type domain.Pronostikoa is not enhanced.

[2021-10-03 23:41:45 #10 type.registry] 
New type domain.Apustua

[2021-10-03 23:41:45 #11 type.registry] 
New type java.util.Vector<domain.Apustua>

[2021-10-03 23:41:45 #12 type] 
Type domain.Apustua is not enhanced.

[2021-10-03 23:41:45 #13 type.registry] 
New type domain.Pertsona

[2021-10-03 23:41:45 #14 type.registry] 
New type domain.Bezero

[2021-10-03 23:41:45 #15 type] 
Type domain.Pertsona is not enhanced.

[2021-10-03 23:41:45 #16 type] 
Type domain.Bezero is not enhanced.

[2021-10-03 23:41:45 #17 type.registry] 
New type domain.Kodea

[2021-10-03 23:41:45 #18 type.registry] 
New type java.util.Vector<domain.Kodea>

[2021-10-03 23:41:45 #19 type.registry] 
New type java.util.Vector<domain.Bezero>

[2021-10-03 23:41:45 #20 type.registry] 
New type domain.Mugimendua

[2021-10-03 23:41:45 #21 type.registry] 
New type java.util.Vector<domain.Mugimendua>

[2021-10-03 23:41:45 #22 type] 
Type domain.Kodea is not enhanced.

[2021-10-03 23:41:45 #23 type] 
Type domain.Mugimendua is not enhanced.

[2021-10-03 23:41:45 #24 type.registry] 
New type java.util.Vector<java.lang.Object>

------------------------------------------------------------------------------------------------------------------------

[2021-10-03 23:41:55 #1 store] 
Database 'C:\Users\Usuario\git\SI2\Bets21\src\main\resources\bets.temp' is opened by 8856@DESKTOP-NGL0TFB

[2021-10-03 23:41:55 #2 type.registry] 
New type domain.Event

[2021-10-03 23:41:55 #3 type] 
Type domain.Event is not enhanced.

[2021-10-03 23:41:55 #4 type.registry] 
New type domain.Question

[2021-10-03 23:41:55 #5 type.registry] 
New type java.util.Vector<domain.Question>

[2021-10-03 23:41:55 #6 type] 
Type domain.Question is not enhanced.

[2021-10-03 23:41:55 #7 type.registry] 
New type domain.Pronostikoa

[2021-10-03 23:41:55 #8 type.registry] 
New type java.util.Vector<domain.Pronostikoa>

[2021-10-03 23:41:55 #9 type] 
Type domain.Pronostikoa is not enhanced.

[2021-10-03 23:41:55 #10 type.registry] 
New type domain.Apustua

[2021-10-03 23:41:55 #11 type.registry] 
New type java.util.Vector<domain.Apustua>

[2021-10-03 23:41:55 #12 type] 
Type domain.Apustua is not enhanced.

[2021-10-03 23:41:55 #13 type.registry] 
New type domain.Pertsona

[2021-10-03 23:41:55 #14 type.registry] 
New type domain.Bezero

[2021-10-03 23:41:55 #15 type] 
Type domain.Pertsona is not enhanced.

[2021-10-03 23:41:55 #16 type] 
Type domain.Bezero is not enhanced.

[2021-10-03 23:41:55 #17 type.registry] 
New type domain.Kodea

[2021-10-03 23:41:55 #18 type.registry] 
New type java.util.Vector<domain.Kodea>

[2021-10-03 23:41:55 #19 type.registry] 
New type java.util.Vector<domain.Bezero>

[2021-10-03 23:41:55 #20 type.registry] 
New type domain.Mugimendua

[2021-10-03 23:41:55 #21 type.registry] 
New type java.util.Vector<domain.Mugimendua>

[2021-10-03 23:41:55 #22 type] 
Type domain.Kodea is not enhanced.

[2021-10-03 23:41:55 #23 type] 
Type domain.Mugimendua is not enhanced.

[2021-10-03 23:41:55 #24 type.registry] 
New type java.util.Vector<java.lang.Object>

------------------------------------------------------------------------------------------------------------------------

[2021-10-03 23:43:50 #1 store] 
Database 'C:\Users\Usuario\git\SI2\Bets21\src\main\resources\bets.temp' is opened by 6852@DESKTOP-NGL0TFB

[2021-10-03 23:43:51 #2 type.registry] 
New type domain.Event

[2021-10-03 23:43:51 #3 type] 
Type domain.Event is not enhanced.

[2021-10-03 23:43:51 #4 type.registry] 
New type domain.Question

[2021-10-03 23:43:51 #5 type.registry] 
New type java.util.Vector<domain.Question>

[2021-10-03 23:43:51 #6 type] 
Type domain.Question is not enhanced.

[2021-10-03 23:43:51 #7 type.registry] 
New type domain.Pronostikoa

[2021-10-03 23:43:51 #8 type.registry] 
New type java.util.Vector<domain.Pronostikoa>

[2021-10-03 23:43:51 #9 type] 
Type domain.Pronostikoa is not enhanced.

[2021-10-03 23:43:51 #10 type.registry] 
New type domain.Apustua

[2021-10-03 23:43:51 #11 type.registry] 
New type java.util.Vector<domain.Apustua>

[2021-10-03 23:43:51 #12 type] 
Type domain.Apustua is not enhanced.

[2021-10-03 23:43:51 #13 type.registry] 
New type domain.Pertsona

[2021-10-03 23:43:51 #14 type.registry] 
New type domain.Bezero

[2021-10-03 23:43:51 #15 type] 
Type domain.Pertsona is not enhanced.

[2021-10-03 23:43:51 #16 type] 
Type domain.Bezero is not enhanced.

[2021-10-03 23:43:51 #17 type.registry] 
New type domain.Kodea

[2021-10-03 23:43:51 #18 type.registry] 
New type java.util.Vector<domain.Kodea>

[2021-10-03 23:43:51 #19 type.registry] 
New type java.util.Vector<domain.Bezero>

[2021-10-03 23:43:51 #20 type.registry] 
New type domain.Mugimendua

[2021-10-03 23:43:51 #21 type.registry] 
New type java.util.Vector<domain.Mugimendua>

[2021-10-03 23:43:51 #22 type] 
Type domain.Kodea is not enhanced.

[2021-10-03 23:43:51 #23 type] 
Type domain.Mugimendua is not enhanced.

[2021-10-03 23:43:51 #24 type.registry] 
New type java.util.Vector<java.lang.Object>

------------------------------------------------------------------------------------------------------------------------

[2021-10-03 23:43:53 #1 store] 
Database 'C:\Users\Usuario\git\SI2\Bets21\src\main\resources\bets.temp' has been recovered (tr. 1-25)

[2021-10-03 23:43:53 #2 store] 
Database 'C:\Users\Usuario\git\SI2\Bets21\src\main\resources\bets.temp' is opened by 5692@DESKTOP-NGL0TFB

[2021-10-03 23:43:53 #3 type] 
Type domain.Event is not enhanced.

[2021-10-03 23:43:53 #4 type] 
Type domain.Question is not enhanced.

[2021-10-03 23:43:53 #5 type] 
Type domain.Pronostikoa is not enhanced.

[2021-10-03 23:43:53 #6 type] 
Type domain.Apustua is not enhanced.

[2021-10-03 23:43:53 #7 type] 
Type domain.Pertsona is not enhanced.

[2021-10-03 23:43:53 #8 type] 
Type domain.Bezero is not enhanced.

[2021-10-03 23:43:53 #9 type] 
Type domain.Kodea is not enhanced.

[2021-10-03 23:43:53 #10 type] 
Type domain.Mugimendua is not enhanced.

------------------------------------------------------------------------------------------------------------------------

[2021-10-03 23:44:04 #1 store] 
Database 'C:\Users\Usuario\git\SI2\Bets21\src\main\resources\bets.temp' is opened by 13108@DESKTOP-NGL0TFB

[2021-10-03 23:44:04 #2 type] 
Type domain.Event is not enhanced.

[2021-10-03 23:44:04 #3 type] 
Type domain.Question is not enhanced.

[2021-10-03 23:44:04 #4 type] 
Type domain.Pronostikoa is not enhanced.

[2021-10-03 23:44:04 #5 type] 
Type domain.Apustua is not enhanced.

[2021-10-03 23:44:04 #6 type] 
Type domain.Pertsona is not enhanced.

[2021-10-03 23:44:04 #7 type] 
Type domain.Bezero is not enhanced.

[2021-10-03 23:44:04 #8 type] 
Type domain.Kodea is not enhanced.

[2021-10-03 23:44:04 #9 type] 
Type domain.Mugimendua is not enhanced.

